#
# There is insufficient memory for the Java Runtime Environment to continue.
# Native memory allocation (malloc) failed to allocate 131088 bytes for Chunk::new
# Possible reasons:
#   The system is out of physical RAM or swap space
#   The process is running with CompressedOops enabled, and the Java Heap may be blocking the growth of the native heap
# Possible solutions:
#   Reduce memory load on the system
#   Increase physical memory or swap space
#   Check if swap backing store is full
#   Decrease Java heap size (-Xmx/-Xms)
#   Decrease number of Java threads
#   Decrease Java thread stack sizes (-Xss)
#   Set larger code cache with -XX:ReservedCodeCacheSize=
#   JVM is running with Zero Based Compressed Oops mode in which the Java heap is
#     placed in the first 32GB address space. The Java Heap base address is the
#     maximum limit for the native heap growth. Please use -XX:HeapBaseMinAddress
#     to set the Java Heap base and to place the Java Heap above 32GB virtual address.
# This output file may be truncated or incomplete.
#
#  Out of Memory Error (arena.cpp:168), pid=22016, tid=17560
#
# JRE version: OpenJDK Runtime Environment (21.0.1+12) (build 21.0.1+12-29)
# Java VM: OpenJDK 64-Bit Server VM (21.0.1+12-29, mixed mode, sharing, tiered, compressed oops, compressed class ptrs, g1 gc, windows-amd64)
# No core dump will be written. Minidumps are not enabled by default on client versions of Windows
#

---------------  S U M M A R Y ------------

Command Line: -javaagent:D:\IntelliJ IDEA 2023.1.4\lib\idea_rt.jar=54837:D:\IntelliJ IDEA 2023.1.4\bin -Dfile.encoding=UTF-8 -Dsun.stdout.encoding=UTF-8 -Dsun.stderr.encoding=UTF-8 uz.pdp.run.Run

Host: AMD Ryzen 7 5800H with Radeon Graphics         , 16 cores, 15G,  Windows 11 , 64 bit Build 22621 (10.0.22621.2506)
Time: Wed Nov 29 18:39:28 2023  Windows 11 , 64 bit Build 22621 (10.0.22621.2506) elapsed time: 0.967024 seconds (0d 0h 0m 0s)

---------------  T H R E A D  ---------------

Current thread (0x000001d5ff168b70):  JavaThread "C2 CompilerThread0" daemon [_thread_in_native, id=17560, stack(0x0000009149400000,0x0000009149500000) (1024K)]


Current CompileTask:
C2:    967 1702       4       sun.security.ec.ECOperations::setDouble (463 bytes)

Stack: [0x0000009149400000,0x0000009149500000]
Native frames: (J=compiled Java code, j=interpreted, Vv=VM code, C=native code)
V  [jvm.dll+0x6c9029]
V  [jvm.dll+0x854b81]
V  [jvm.dll+0x856e5e]
V  [jvm.dll+0x857543]
V  [jvm.dll+0x280c06]
V  [jvm.dll+0xc3ead]
V  [jvm.dll+0xc43c3]
V  [jvm.dll+0xc3fd5]
V  [jvm.dll+0x6a5c9c]
V  [jvm.dll+0x60208e]
V  [jvm.dll+0x5f106b]
V  [jvm.dll+0x5f0c95]
V  [jvm.dll+0x7ba6e5]
V  [jvm.dll+0x7b1cfc]
V  [jvm.dll+0x7bd70a]
V  [jvm.dll+0x5f4a41]
V  [jvm.dll+0x252bef]
V  [jvm.dll+0x252fbf]
V  [jvm.dll+0x24b734]
V  [jvm.dll+0x248fa3]
V  [jvm.dll+0x1c9ca1]
V  [jvm.dll+0x2586b9]
V  [jvm.dll+0x256c9a]
V  [jvm.dll+0x3ef1b6]
V  [jvm.dll+0x7fd728]
V  [jvm.dll+0x6c777d]
C  [ucrtbase.dll+0x29363]
C  [KERNEL32.DLL+0x1257d]
C  [ntdll.dll+0x5aa58]


---------------  P R O C E S S  ---------------

Threads class SMR info:
_java_thread_list=0x000001d5db4d1fe0, length=17, elements={
0x000001d5f2304cf0, 0x000001d5ff1543c0, 0x000001d5ff1550e0, 0x000001d5ff157730,
0x000001d5ff158190, 0x000001d5ff158bf0, 0x000001d5ff159780, 0x000001d5ff168b70,
0x000001d5ff169740, 0x000001d5ff11e280, 0x000001d5da0eb830, 0x000001d5da0ec0a0,
0x000001d5da30fc40, 0x000001d5da3102b0, 0x000001d5da662e20, 0x000001d5db12d5d0,
0x000001d5db182010
}

Java Threads: ( => current thread )
  0x000001d5f2304cf0 JavaThread "main"                              [_thread_in_native, id=19116, stack(0x0000009148600000,0x0000009148700000) (1024K)]
  0x000001d5ff1543c0 JavaThread "Reference Handler"          daemon [_thread_blocked, id=10396, stack(0x0000009148e00000,0x0000009148f00000) (1024K)]
  0x000001d5ff1550e0 JavaThread "Finalizer"                  daemon [_thread_blocked, id=4340, stack(0x0000009148f00000,0x0000009149000000) (1024K)]
  0x000001d5ff157730 JavaThread "Signal Dispatcher"          daemon [_thread_blocked, id=7096, stack(0x0000009149000000,0x0000009149100000) (1024K)]
  0x000001d5ff158190 JavaThread "Attach Listener"            daemon [_thread_blocked, id=18748, stack(0x0000009149100000,0x0000009149200000) (1024K)]
  0x000001d5ff158bf0 JavaThread "Service Thread"             daemon [_thread_blocked, id=10120, stack(0x0000009149200000,0x0000009149300000) (1024K)]
  0x000001d5ff159780 JavaThread "Monitor Deflation Thread"   daemon [_thread_blocked, id=22496, stack(0x0000009149300000,0x0000009149400000) (1024K)]
=>0x000001d5ff168b70 JavaThread "C2 CompilerThread0"         daemon [_thread_in_native, id=17560, stack(0x0000009149400000,0x0000009149500000) (1024K)]
  0x000001d5ff169740 JavaThread "C1 CompilerThread0"         daemon [_thread_blocked, id=20952, stack(0x0000009149500000,0x0000009149600000) (1024K)]
  0x000001d5ff11e280 JavaThread "Common-Cleaner"             daemon [_thread_blocked, id=16964, stack(0x0000009149600000,0x0000009149700000) (1024K)]
  0x000001d5da0eb830 JavaThread "C1 CompilerThread1"         daemon [_thread_blocked, id=8196, stack(0x0000009149700000,0x0000009149800000) (1024K)]
  0x000001d5da0ec0a0 JavaThread "C1 CompilerThread2"         daemon [_thread_blocked, id=13828, stack(0x0000009149800000,0x0000009149900000) (1024K)]
  0x000001d5da30fc40 JavaThread "Monitor Ctrl-Break"         daemon [_thread_in_native, id=17332, stack(0x0000009149b00000,0x0000009149c00000) (1024K)]
  0x000001d5da3102b0 JavaThread "Notification Thread"        daemon [_thread_blocked, id=19684, stack(0x0000009149c00000,0x0000009149d00000) (1024K)]
  0x000001d5da662e20 JavaThread "C1 CompilerThread3"         daemon [_thread_blocked, id=21456, stack(0x0000009149d00000,0x0000009149e00000) (1024K)]
  0x000001d5db12d5d0 JavaThread "C2 CompilerThread1"         daemon [_thread_blocked, id=15592, stack(0x0000009149900000,0x0000009149a00000) (1024K)]
  0x000001d5db182010 JavaThread "C2 CompilerThread2"         daemon [_thread_blocked, id=2776, stack(0x0000009149a00000,0x0000009149b00000) (1024K)]
Total: 17

Other Threads:
  0x000001d5ff134c30 VMThread "VM Thread"                           [id=16352, stack(0x0000009148d00000,0x0000009148e00000) (1024K)]
  0x000001d5ff11d6e0 WatcherThread "VM Periodic Task Thread"        [id=10936, stack(0x0000009148c00000,0x0000009148d00000) (1024K)]
  0x000001d5f25dc960 WorkerThread "GC Thread#0"                     [id=16316, stack(0x0000009148700000,0x0000009148800000) (1024K)]
  0x000001d5dafbc390 WorkerThread "GC Thread#1"                     [id=22160, stack(0x0000009149e00000,0x0000009149f00000) (1024K)]
  0x000001d5dabc18d0 WorkerThread "GC Thread#2"                     [id=4908, stack(0x0000009149f00000,0x000000914a000000) (1024K)]
  0x000001d5dabc2070 WorkerThread "GC Thread#3"                     [id=16068, stack(0x000000914a000000,0x000000914a100000) (1024K)]
  0x000001d5da91f440 WorkerThread "GC Thread#4"                     [id=2244, stack(0x000000914a100000,0x000000914a200000) (1024K)]
  0x000001d5db29ea70 WorkerThread "GC Thread#5"                     [id=4348, stack(0x000000914a200000,0x000000914a300000) (1024K)]
  0x000001d5db29ee10 WorkerThread "GC Thread#6"                     [id=18128, stack(0x000000914a300000,0x000000914a400000) (1024K)]
  0x000001d5f25ed170 ConcurrentGCThread "G1 Main Marker"            [id=2948, stack(0x0000009148800000,0x0000009148900000) (1024K)]
  0x000001d5f25ee410 WorkerThread "G1 Conc#0"                       [id=10484, stack(0x0000009148900000,0x0000009148a00000) (1024K)]
  0x000001d5f263e510 ConcurrentGCThread "G1 Refine#0"               [id=7880, stack(0x0000009148a00000,0x0000009148b00000) (1024K)]
  0x000001d5fefeaf00 ConcurrentGCThread "G1 Service"                [id=10772, stack(0x0000009148b00000,0x0000009148c00000) (1024K)]
Total: 13

Threads with active compile tasks:
C2 CompilerThread0      982 1702       4       sun.security.ec.ECOperations::setDouble (463 bytes)
Total: 1

VM state: not at safepoint (normal execution)

VM Mutex/Monitor currently owned by a thread: None

Heap address: 0x0000000709800000, size: 3944 MB, Compressed Oops mode: Zero based, Oop shift amount: 3

CDS archive(s) mapped at: [0x000001d595000000-0x000001d595c90000-0x000001d595c90000), size 13172736, SharedBaseAddress: 0x000001d595000000, ArchiveRelocationMode: 1.
Compressed class space mapped at: 0x000001d596000000-0x000001d5d6000000, reserved size: 1073741824
Narrow klass base: 0x000001d595000000, Narrow klass shift: 0, Narrow klass range: 0x100000000

GC Precious Log:
 CardTable entry size: 512
 Card Set container configuration: InlinePtr #cards 4 size 8 Array Of Cards #cards 16 size 48 Howl #buckets 8 coarsen threshold 3686 Howl Bitmap #cards 512 size 80 coarsen threshold 460 Card regions per heap region 1 cards per card region 4096
 CPUs: 16 total, 16 available
 Memory: 15775M
 Large Page Support: Disabled
 NUMA Support: Disabled
 Compressed Oops: Enabled (Zero based)
 Heap Region Size: 2M
 Heap Min Capacity: 8M
 Heap Initial Capacity: 248M
 Heap Max Capacity: 3944M
 Pre-touch: Disabled
 Parallel Workers: 13
 Concurrent Workers: 3
 Concurrent Refinement Workers: 13
 Periodic GC: Disabled

Heap:
 garbage-first heap   total 253952K, used 18598K [0x0000000709800000, 0x0000000800000000)
  region size 2048K, 11 young (22528K), 2 survivors (4096K)
 Metaspace       used 13276K, committed 13504K, reserved 1114112K
  class space    used 1418K, committed 1536K, reserved 1048576K

Heap Regions: E=young(eden), S=young(survivor), O=old, HS=humongous(starts), HC=humongous(continues), CS=collection set, F=free, TAMS=top-at-mark-start, PB=parsable bottom
|   0|0x0000000709800000, 0x0000000709829980, 0x0000000709a00000|  8%| O|  |TAMS 0x0000000709800000| PB 0x0000000709800000| Untracked 
|   1|0x0000000709a00000, 0x0000000709a00000, 0x0000000709c00000|  0%| F|  |TAMS 0x0000000709a00000| PB 0x0000000709a00000| Untracked 
|   2|0x0000000709c00000, 0x0000000709c00000, 0x0000000709e00000|  0%| F|  |TAMS 0x0000000709c00000| PB 0x0000000709c00000| Untracked 
|   3|0x0000000709e00000, 0x0000000709e00000, 0x000000070a000000|  0%| F|  |TAMS 0x0000000709e00000| PB 0x0000000709e00000| Untracked 
|   4|0x000000070a000000, 0x000000070a000000, 0x000000070a200000|  0%| F|  |TAMS 0x000000070a000000| PB 0x000000070a000000| Untracked 
|   5|0x000000070a200000, 0x000000070a200000, 0x000000070a400000|  0%| F|  |TAMS 0x000000070a200000| PB 0x000000070a200000| Untracked 
|   6|0x000000070a400000, 0x000000070a400000, 0x000000070a600000|  0%| F|  |TAMS 0x000000070a400000| PB 0x000000070a400000| Untracked 
|   7|0x000000070a600000, 0x000000070a600000, 0x000000070a800000|  0%| F|  |TAMS 0x000000070a600000| PB 0x000000070a600000| Untracked 
|   8|0x000000070a800000, 0x000000070a800000, 0x000000070aa00000|  0%| F|  |TAMS 0x000000070a800000| PB 0x000000070a800000| Untracked 
|   9|0x000000070aa00000, 0x000000070aa00000, 0x000000070ac00000|  0%| F|  |TAMS 0x000000070aa00000| PB 0x000000070aa00000| Untracked 
|  10|0x000000070ac00000, 0x000000070ac00000, 0x000000070ae00000|  0%| F|  |TAMS 0x000000070ac00000| PB 0x000000070ac00000| Untracked 
|  11|0x000000070ae00000, 0x000000070ae00000, 0x000000070b000000|  0%| F|  |TAMS 0x000000070ae00000| PB 0x000000070ae00000| Untracked 
|  12|0x000000070b000000, 0x000000070b000000, 0x000000070b200000|  0%| F|  |TAMS 0x000000070b000000| PB 0x000000070b000000| Untracked 
|  13|0x000000070b200000, 0x000000070b200000, 0x000000070b400000|  0%| F|  |TAMS 0x000000070b200000| PB 0x000000070b200000| Untracked 
|  14|0x000000070b400000, 0x000000070b400000, 0x000000070b600000|  0%| F|  |TAMS 0x000000070b400000| PB 0x000000070b400000| Untracked 
|  15|0x000000070b600000, 0x000000070b600000, 0x000000070b800000|  0%| F|  |TAMS 0x000000070b600000| PB 0x000000070b600000| Untracked 
|  16|0x000000070b800000, 0x000000070b800000, 0x000000070ba00000|  0%| F|  |TAMS 0x000000070b800000| PB 0x000000070b800000| Untracked 
|  17|0x000000070ba00000, 0x000000070ba00000, 0x000000070bc00000|  0%| F|  |TAMS 0x000000070ba00000| PB 0x000000070ba00000| Untracked 
|  18|0x000000070bc00000, 0x000000070bc00000, 0x000000070be00000|  0%| F|  |TAMS 0x000000070bc00000| PB 0x000000070bc00000| Untracked 
|  19|0x000000070be00000, 0x000000070be00000, 0x000000070c000000|  0%| F|  |TAMS 0x000000070be00000| PB 0x000000070be00000| Untracked 
|  20|0x000000070c000000, 0x000000070c000000, 0x000000070c200000|  0%| F|  |TAMS 0x000000070c000000| PB 0x000000070c000000| Untracked 
|  21|0x000000070c200000, 0x000000070c200000, 0x000000070c400000|  0%| F|  |TAMS 0x000000070c200000| PB 0x000000070c200000| Untracked 
|  22|0x000000070c400000, 0x000000070c400000, 0x000000070c600000|  0%| F|  |TAMS 0x000000070c400000| PB 0x000000070c400000| Untracked 
|  23|0x000000070c600000, 0x000000070c600000, 0x000000070c800000|  0%| F|  |TAMS 0x000000070c600000| PB 0x000000070c600000| Untracked 
|  24|0x000000070c800000, 0x000000070c800000, 0x000000070ca00000|  0%| F|  |TAMS 0x000000070c800000| PB 0x000000070c800000| Untracked 
|  25|0x000000070ca00000, 0x000000070ca00000, 0x000000070cc00000|  0%| F|  |TAMS 0x000000070ca00000| PB 0x000000070ca00000| Untracked 
|  26|0x000000070cc00000, 0x000000070cc00000, 0x000000070ce00000|  0%| F|  |TAMS 0x000000070cc00000| PB 0x000000070cc00000| Untracked 
|  27|0x000000070ce00000, 0x000000070ce00000, 0x000000070d000000|  0%| F|  |TAMS 0x000000070ce00000| PB 0x000000070ce00000| Untracked 
|  28|0x000000070d000000, 0x000000070d000000, 0x000000070d200000|  0%| F|  |TAMS 0x000000070d000000| PB 0x000000070d000000| Untracked 
|  29|0x000000070d200000, 0x000000070d200000, 0x000000070d400000|  0%| F|  |TAMS 0x000000070d200000| PB 0x000000070d200000| Untracked 
|  30|0x000000070d400000, 0x000000070d400000, 0x000000070d600000|  0%| F|  |TAMS 0x000000070d400000| PB 0x000000070d400000| Untracked 
|  31|0x000000070d600000, 0x000000070d600000, 0x000000070d800000|  0%| F|  |TAMS 0x000000070d600000| PB 0x000000070d600000| Untracked 
|  32|0x000000070d800000, 0x000000070d800000, 0x000000070da00000|  0%| F|  |TAMS 0x000000070d800000| PB 0x000000070d800000| Untracked 
|  33|0x000000070da00000, 0x000000070da00000, 0x000000070dc00000|  0%| F|  |TAMS 0x000000070da00000| PB 0x000000070da00000| Untracked 
|  34|0x000000070dc00000, 0x000000070dc00000, 0x000000070de00000|  0%| F|  |TAMS 0x000000070dc00000| PB 0x000000070dc00000| Untracked 
|  35|0x000000070de00000, 0x000000070de00000, 0x000000070e000000|  0%| F|  |TAMS 0x000000070de00000| PB 0x000000070de00000| Untracked 
|  36|0x000000070e000000, 0x000000070e000000, 0x000000070e200000|  0%| F|  |TAMS 0x000000070e000000| PB 0x000000070e000000| Untracked 
|  37|0x000000070e200000, 0x000000070e200000, 0x000000070e400000|  0%| F|  |TAMS 0x000000070e200000| PB 0x000000070e200000| Untracked 
|  38|0x000000070e400000, 0x000000070e400000, 0x000000070e600000|  0%| F|  |TAMS 0x000000070e400000| PB 0x000000070e400000| Untracked 
|  39|0x000000070e600000, 0x000000070e600000, 0x000000070e800000|  0%| F|  |TAMS 0x000000070e600000| PB 0x000000070e600000| Untracked 
|  40|0x000000070e800000, 0x000000070e800000, 0x000000070ea00000|  0%| F|  |TAMS 0x000000070e800000| PB 0x000000070e800000| Untracked 
|  41|0x000000070ea00000, 0x000000070ea00000, 0x000000070ec00000|  0%| F|  |TAMS 0x000000070ea00000| PB 0x000000070ea00000| Untracked 
|  42|0x000000070ec00000, 0x000000070ec00000, 0x000000070ee00000|  0%| F|  |TAMS 0x000000070ec00000| PB 0x000000070ec00000| Untracked 
|  43|0x000000070ee00000, 0x000000070ee00000, 0x000000070f000000|  0%| F|  |TAMS 0x000000070ee00000| PB 0x000000070ee00000| Untracked 
|  44|0x000000070f000000, 0x000000070f000000, 0x000000070f200000|  0%| F|  |TAMS 0x000000070f000000| PB 0x000000070f000000| Untracked 
|  45|0x000000070f200000, 0x000000070f200000, 0x000000070f400000|  0%| F|  |TAMS 0x000000070f200000| PB 0x000000070f200000| Untracked 
|  46|0x000000070f400000, 0x000000070f400000, 0x000000070f600000|  0%| F|  |TAMS 0x000000070f400000| PB 0x000000070f400000| Untracked 
|  47|0x000000070f600000, 0x000000070f600000, 0x000000070f800000|  0%| F|  |TAMS 0x000000070f600000| PB 0x000000070f600000| Untracked 
|  48|0x000000070f800000, 0x000000070f800000, 0x000000070fa00000|  0%| F|  |TAMS 0x000000070f800000| PB 0x000000070f800000| Untracked 
|  49|0x000000070fa00000, 0x000000070fa00000, 0x000000070fc00000|  0%| F|  |TAMS 0x000000070fa00000| PB 0x000000070fa00000| Untracked 
|  50|0x000000070fc00000, 0x000000070fc00000, 0x000000070fe00000|  0%| F|  |TAMS 0x000000070fc00000| PB 0x000000070fc00000| Untracked 
|  51|0x000000070fe00000, 0x000000070fe00000, 0x0000000710000000|  0%| F|  |TAMS 0x000000070fe00000| PB 0x000000070fe00000| Untracked 
|  52|0x0000000710000000, 0x0000000710000000, 0x0000000710200000|  0%| F|  |TAMS 0x0000000710000000| PB 0x0000000710000000| Untracked 
|  53|0x0000000710200000, 0x0000000710200000, 0x0000000710400000|  0%| F|  |TAMS 0x0000000710200000| PB 0x0000000710200000| Untracked 
|  54|0x0000000710400000, 0x0000000710400000, 0x0000000710600000|  0%| F|  |TAMS 0x0000000710400000| PB 0x0000000710400000| Untracked 
|  55|0x0000000710600000, 0x0000000710600000, 0x0000000710800000|  0%| F|  |TAMS 0x0000000710600000| PB 0x0000000710600000| Untracked 
|  56|0x0000000710800000, 0x0000000710800000, 0x0000000710a00000|  0%| F|  |TAMS 0x0000000710800000| PB 0x0000000710800000| Untracked 
|  57|0x0000000710a00000, 0x0000000710a00000, 0x0000000710c00000|  0%| F|  |TAMS 0x0000000710a00000| PB 0x0000000710a00000| Untracked 
|  58|0x0000000710c00000, 0x0000000710c00000, 0x0000000710e00000|  0%| F|  |TAMS 0x0000000710c00000| PB 0x0000000710c00000| Untracked 
|  59|0x0000000710e00000, 0x0000000710e00000, 0x0000000711000000|  0%| F|  |TAMS 0x0000000710e00000| PB 0x0000000710e00000| Untracked 
|  60|0x0000000711000000, 0x0000000711000000, 0x0000000711200000|  0%| F|  |TAMS 0x0000000711000000| PB 0x0000000711000000| Untracked 
|  61|0x0000000711200000, 0x0000000711200000, 0x0000000711400000|  0%| F|  |TAMS 0x0000000711200000| PB 0x0000000711200000| Untracked 
|  62|0x0000000711400000, 0x0000000711400000, 0x0000000711600000|  0%| F|  |TAMS 0x0000000711400000| PB 0x0000000711400000| Untracked 
|  63|0x0000000711600000, 0x0000000711600000, 0x0000000711800000|  0%| F|  |TAMS 0x0000000711600000| PB 0x0000000711600000| Untracked 
|  64|0x0000000711800000, 0x0000000711800000, 0x0000000711a00000|  0%| F|  |TAMS 0x0000000711800000| PB 0x0000000711800000| Untracked 
|  65|0x0000000711a00000, 0x0000000711a00000, 0x0000000711c00000|  0%| F|  |TAMS 0x0000000711a00000| PB 0x0000000711a00000| Untracked 
|  66|0x0000000711c00000, 0x0000000711c00000, 0x0000000711e00000|  0%| F|  |TAMS 0x0000000711c00000| PB 0x0000000711c00000| Untracked 
|  67|0x0000000711e00000, 0x0000000711e00000, 0x0000000712000000|  0%| F|  |TAMS 0x0000000711e00000| PB 0x0000000711e00000| Untracked 
|  68|0x0000000712000000, 0x0000000712000000, 0x0000000712200000|  0%| F|  |TAMS 0x0000000712000000| PB 0x0000000712000000| Untracked 
|  69|0x0000000712200000, 0x0000000712200000, 0x0000000712400000|  0%| F|  |TAMS 0x0000000712200000| PB 0x0000000712200000| Untracked 
|  70|0x0000000712400000, 0x0000000712400000, 0x0000000712600000|  0%| F|  |TAMS 0x0000000712400000| PB 0x0000000712400000| Untracked 
|  71|0x0000000712600000, 0x0000000712600000, 0x0000000712800000|  0%| F|  |TAMS 0x0000000712600000| PB 0x0000000712600000| Untracked 
|  72|0x0000000712800000, 0x0000000712800000, 0x0000000712a00000|  0%| F|  |TAMS 0x0000000712800000| PB 0x0000000712800000| Untracked 
|  73|0x0000000712a00000, 0x0000000712a00000, 0x0000000712c00000|  0%| F|  |TAMS 0x0000000712a00000| PB 0x0000000712a00000| Untracked 
|  74|0x0000000712c00000, 0x0000000712c00000, 0x0000000712e00000|  0%| F|  |TAMS 0x0000000712c00000| PB 0x0000000712c00000| Untracked 
|  75|0x0000000712e00000, 0x0000000712e00000, 0x0000000713000000|  0%| F|  |TAMS 0x0000000712e00000| PB 0x0000000712e00000| Untracked 
|  76|0x0000000713000000, 0x0000000713000000, 0x0000000713200000|  0%| F|  |TAMS 0x0000000713000000| PB 0x0000000713000000| Untracked 
|  77|0x0000000713200000, 0x0000000713200000, 0x0000000713400000|  0%| F|  |TAMS 0x0000000713200000| PB 0x0000000713200000| Untracked 
|  78|0x0000000713400000, 0x0000000713400000, 0x0000000713600000|  0%| F|  |TAMS 0x0000000713400000| PB 0x0000000713400000| Untracked 
|  79|0x0000000713600000, 0x0000000713600000, 0x0000000713800000|  0%| F|  |TAMS 0x0000000713600000| PB 0x0000000713600000| Untracked 
|  80|0x0000000713800000, 0x0000000713800000, 0x0000000713a00000|  0%| F|  |TAMS 0x0000000713800000| PB 0x0000000713800000| Untracked 
|  81|0x0000000713a00000, 0x0000000713a00000, 0x0000000713c00000|  0%| F|  |TAMS 0x0000000713a00000| PB 0x0000000713a00000| Untracked 
|  82|0x0000000713c00000, 0x0000000713c00000, 0x0000000713e00000|  0%| F|  |TAMS 0x0000000713c00000| PB 0x0000000713c00000| Untracked 
|  83|0x0000000713e00000, 0x0000000713e00000, 0x0000000714000000|  0%| F|  |TAMS 0x0000000713e00000| PB 0x0000000713e00000| Untracked 
|  84|0x0000000714000000, 0x0000000714000000, 0x0000000714200000|  0%| F|  |TAMS 0x0000000714000000| PB 0x0000000714000000| Untracked 
|  85|0x0000000714200000, 0x0000000714200000, 0x0000000714400000|  0%| F|  |TAMS 0x0000000714200000| PB 0x0000000714200000| Untracked 
|  86|0x0000000714400000, 0x0000000714400000, 0x0000000714600000|  0%| F|  |TAMS 0x0000000714400000| PB 0x0000000714400000| Untracked 
|  87|0x0000000714600000, 0x0000000714600000, 0x0000000714800000|  0%| F|  |TAMS 0x0000000714600000| PB 0x0000000714600000| Untracked 
|  88|0x0000000714800000, 0x0000000714800000, 0x0000000714a00000|  0%| F|  |TAMS 0x0000000714800000| PB 0x0000000714800000| Untracked 
|  89|0x0000000714a00000, 0x0000000714a00000, 0x0000000714c00000|  0%| F|  |TAMS 0x0000000714a00000| PB 0x0000000714a00000| Untracked 
|  90|0x0000000714c00000, 0x0000000714c00000, 0x0000000714e00000|  0%| F|  |TAMS 0x0000000714c00000| PB 0x0000000714c00000| Untracked 
|  91|0x0000000714e00000, 0x0000000714e00000, 0x0000000715000000|  0%| F|  |TAMS 0x0000000714e00000| PB 0x0000000714e00000| Untracked 
|  92|0x0000000715000000, 0x0000000715000000, 0x0000000715200000|  0%| F|  |TAMS 0x0000000715000000| PB 0x0000000715000000| Untracked 
|  93|0x0000000715200000, 0x0000000715200000, 0x0000000715400000|  0%| F|  |TAMS 0x0000000715200000| PB 0x0000000715200000| Untracked 
|  94|0x0000000715400000, 0x0000000715400000, 0x0000000715600000|  0%| F|  |TAMS 0x0000000715400000| PB 0x0000000715400000| Untracked 
|  95|0x0000000715600000, 0x0000000715600000, 0x0000000715800000|  0%| F|  |TAMS 0x0000000715600000| PB 0x0000000715600000| Untracked 
|  96|0x0000000715800000, 0x0000000715800000, 0x0000000715a00000|  0%| F|  |TAMS 0x0000000715800000| PB 0x0000000715800000| Untracked 
|  97|0x0000000715a00000, 0x0000000715a00000, 0x0000000715c00000|  0%| F|  |TAMS 0x0000000715a00000| PB 0x0000000715a00000| Untracked 
|  98|0x0000000715c00000, 0x0000000715c00000, 0x0000000715e00000|  0%| F|  |TAMS 0x0000000715c00000| PB 0x0000000715c00000| Untracked 
|  99|0x0000000715e00000, 0x0000000715e00000, 0x0000000716000000|  0%| F|  |TAMS 0x0000000715e00000| PB 0x0000000715e00000| Untracked 
| 100|0x0000000716000000, 0x0000000716000000, 0x0000000716200000|  0%| F|  |TAMS 0x0000000716000000| PB 0x0000000716000000| Untracked 
| 101|0x0000000716200000, 0x0000000716200000, 0x0000000716400000|  0%| F|  |TAMS 0x0000000716200000| PB 0x0000000716200000| Untracked 
| 102|0x0000000716400000, 0x0000000716400000, 0x0000000716600000|  0%| F|  |TAMS 0x0000000716400000| PB 0x0000000716400000| Untracked 
| 103|0x0000000716600000, 0x0000000716600000, 0x0000000716800000|  0%| F|  |TAMS 0x0000000716600000| PB 0x0000000716600000| Untracked 
| 104|0x0000000716800000, 0x0000000716800000, 0x0000000716a00000|  0%| F|  |TAMS 0x0000000716800000| PB 0x0000000716800000| Untracked 
| 105|0x0000000716a00000, 0x0000000716a00000, 0x0000000716c00000|  0%| F|  |TAMS 0x0000000716a00000| PB 0x0000000716a00000| Untracked 
| 106|0x0000000716c00000, 0x0000000716c00000, 0x0000000716e00000|  0%| F|  |TAMS 0x0000000716c00000| PB 0x0000000716c00000| Untracked 
| 107|0x0000000716e00000, 0x0000000716e00000, 0x0000000717000000|  0%| F|  |TAMS 0x0000000716e00000| PB 0x0000000716e00000| Untracked 
| 108|0x0000000717000000, 0x0000000717000000, 0x0000000717200000|  0%| F|  |TAMS 0x0000000717000000| PB 0x0000000717000000| Untracked 
| 109|0x0000000717200000, 0x0000000717200000, 0x0000000717400000|  0%| F|  |TAMS 0x0000000717200000| PB 0x0000000717200000| Untracked 
| 110|0x0000000717400000, 0x0000000717400000, 0x0000000717600000|  0%| F|  |TAMS 0x0000000717400000| PB 0x0000000717400000| Untracked 
| 111|0x0000000717600000, 0x0000000717800000, 0x0000000717800000|100%| S|CS|TAMS 0x0000000717600000| PB 0x0000000717600000| Complete 
| 112|0x0000000717800000, 0x0000000717a00000, 0x0000000717a00000|100%| S|CS|TAMS 0x0000000717800000| PB 0x0000000717800000| Complete 
| 113|0x0000000717a00000, 0x0000000717a00000, 0x0000000717c00000|  0%| F|  |TAMS 0x0000000717a00000| PB 0x0000000717a00000| Untracked 
| 114|0x0000000717c00000, 0x0000000717c00000, 0x0000000717e00000|  0%| F|  |TAMS 0x0000000717c00000| PB 0x0000000717c00000| Untracked 
| 115|0x0000000717e00000, 0x0000000717efe598, 0x0000000718000000| 49%| E|  |TAMS 0x0000000717e00000| PB 0x0000000717e00000| Complete 
| 116|0x0000000718000000, 0x0000000718200000, 0x0000000718200000|100%| E|CS|TAMS 0x0000000718000000| PB 0x0000000718000000| Complete 
| 117|0x0000000718200000, 0x0000000718400000, 0x0000000718400000|100%| E|CS|TAMS 0x0000000718200000| PB 0x0000000718200000| Complete 
| 118|0x0000000718400000, 0x0000000718600000, 0x0000000718600000|100%| E|CS|TAMS 0x0000000718400000| PB 0x0000000718400000| Complete 
| 119|0x0000000718600000, 0x0000000718800000, 0x0000000718800000|100%| E|CS|TAMS 0x0000000718600000| PB 0x0000000718600000| Complete 
| 120|0x0000000718800000, 0x0000000718a00000, 0x0000000718a00000|100%| E|CS|TAMS 0x0000000718800000| PB 0x0000000718800000| Complete 
| 121|0x0000000718a00000, 0x0000000718c00000, 0x0000000718c00000|100%| E|CS|TAMS 0x0000000718a00000| PB 0x0000000718a00000| Complete 
| 122|0x0000000718c00000, 0x0000000718e00000, 0x0000000718e00000|100%| E|  |TAMS 0x0000000718c00000| PB 0x0000000718c00000| Complete 
| 123|0x0000000718e00000, 0x0000000719000000, 0x0000000719000000|100%| E|CS|TAMS 0x0000000718e00000| PB 0x0000000718e00000| Complete 

Card table byte_map: [0x000001d5fd920000,0x000001d5fe0e0000] _byte_map_base: 0x000001d5fa0d4000

Marking Bits: (CMBitMap*) 0x000001d5f25dd060
 Bits: [0x000001d58f000000, 0x000001d592da0000)

Polling page: 0x000001d5f2640000

Metaspace:

Usage:
  Non-class:     11.58 MB used.
      Class:      1.38 MB used.
       Both:     12.97 MB used.

Virtual space:
  Non-class space:       64.00 MB reserved,      11.69 MB ( 18%) committed,  1 nodes.
      Class space:        1.00 GB reserved,       1.50 MB ( <1%) committed,  1 nodes.
             Both:        1.06 GB reserved,      13.19 MB (  1%) committed. 

Chunk freelists:
   Non-Class:  3.97 MB
       Class:  14.55 MB
        Both:  18.52 MB

MaxMetaspaceSize: unlimited
CompressedClassSpaceSize: 1.00 GB
Initial GC threshold: 21.00 MB
Current GC threshold: 21.00 MB
CDS: on
 - commit_granule_bytes: 65536.
 - commit_granule_words: 8192.
 - virtual_space_node_default_size: 8388608.
 - enlarge_chunks_in_place: 1.
 - use_allocation_guard: 0.


Internal statistics:

num_allocs_failed_limit: 0.
num_arena_births: 46.
num_arena_deaths: 0.
num_vsnodes_births: 2.
num_vsnodes_deaths: 0.
num_space_committed: 211.
num_space_uncommitted: 0.
num_chunks_returned_to_freelist: 0.
num_chunks_taken_from_freelist: 273.
num_chunk_merges: 0.
num_chunk_splits: 214.
num_chunks_enlarged: 192.
num_inconsistent_stats: 0.

CodeHeap 'non-profiled nmethods': size=119168Kb used=675Kb max_used=675Kb free=118492Kb
 bounds [0x000001d587ba0000, 0x000001d587e10000, 0x000001d58f000000]
CodeHeap 'profiled nmethods': size=119104Kb used=3328Kb max_used=3328Kb free=115775Kb
 bounds [0x000001d580000000, 0x000001d580350000, 0x000001d587450000]
CodeHeap 'non-nmethods': size=7488Kb used=3138Kb max_used=3154Kb free=4350Kb
 bounds [0x000001d587450000, 0x000001d587770000, 0x000001d587ba0000]
 total_blobs=2238 nmethods=1704 adapters=436
 compilation: enabled
              stopped_count=0, restarted_count=0
 full_count=0

Compilation events (20 events):
Event: 0.911 Thread 0x000001d5da0ec0a0 nmethod 1700 0x000001d58033f110 code [0x000001d58033f2c0, 0x000001d58033f4d0]
Event: 0.911 Thread 0x000001d5da662e20 nmethod 1701 0x000001d58033f610 code [0x000001d58033f7c0, 0x000001d58033fab0]
Event: 0.912 Thread 0x000001d5ff168b70 nmethod 1686 0x000001d587c44190 code [0x000001d587c44340, 0x000001d587c44488]
Event: 0.912 Thread 0x000001d5ff168b70 1691       4       sun.security.util.math.intpoly.IntegerPolynomialP256::square (613 bytes)
Event: 0.912 Thread 0x000001d5db12d5d0 nmethod 1683 0x000001d587c44590 code [0x000001d587c44760, 0x000001d587c44be8]
Event: 0.912 Thread 0x000001d5db12d5d0 1693       4       sun.security.ec.point.ProjectivePoint$Mutable::conditionalSet (53 bytes)
Event: 0.914 Thread 0x000001d5db182010 nmethod 1684 0x000001d587c44f10 code [0x000001d587c450e0, 0x000001d587c45568]
Event: 0.914 Thread 0x000001d5db182010 1703       4       sun.security.ec.ECOperations$PointMultiplier::lookup (84 bytes)
Event: 0.915 Thread 0x000001d5ff168b70 nmethod 1691 0x000001d587c45810 code [0x000001d587c459c0, 0x000001d587c45f50]
Event: 0.915 Thread 0x000001d5ff168b70 1679       4       sun.security.util.math.intpoly.IntegerPolynomialP256::reduce (40 bytes)
Event: 0.916 Thread 0x000001d5ff168b70 nmethod 1679 0x000001d587c46110 code [0x000001d587c462a0, 0x000001d587c463d8]
Event: 0.916 Thread 0x000001d5ff168b70 1704       4       sun.security.util.math.intpoly.IntegerPolynomial$MutableElement::setAdditiveInverse (32 bytes)
Event: 0.918 Thread 0x000001d5ff168b70 nmethod 1704 0x000001d587c46510 code [0x000001d587c466a0, 0x000001d587c46878]
Event: 0.919 Thread 0x000001d5ff168b70 1702       4       sun.security.ec.ECOperations::setDouble (463 bytes)
Event: 0.922 Thread 0x000001d5ff169740 1705       3       sun.security.ec.ECOperations$PointMultiplier$Secp256R1GeneratorMultiplier::bit (13 bytes)
Event: 0.923 Thread 0x000001d5ff169740 nmethod 1705 0x000001d58033fc10 code [0x000001d58033fda0, 0x000001d58033fec8]
Event: 0.923 Thread 0x000001d5da662e20 1706       3       java.util.LinkedList$ListItr::hasNext (20 bytes)
Event: 0.923 Thread 0x000001d5da662e20 nmethod 1706 0x000001d58033ff90 code [0x000001d580340140, 0x000001d5803402b8]
Event: 0.923 Thread 0x000001d5db12d5d0 nmethod 1693 0x000001d587c46990 code [0x000001d587c46b80, 0x000001d587c474b0]
Event: 0.926 Thread 0x000001d5db182010 nmethod 1703 0x000001d587c47990 code [0x000001d587c47b80, 0x000001d587c48658]

GC Heap History (2 events):
Event: 0.372 GC heap before
{Heap before GC invocations=0 (full 0):
 garbage-first heap   total 253952K, used 22528K [0x0000000709800000, 0x0000000800000000)
  region size 2048K, 11 young (22528K), 0 survivors (0K)
 Metaspace       used 5231K, committed 5376K, reserved 1114112K
  class space    used 487K, committed 576K, reserved 1048576K
}
Event: 0.376 GC heap after
{Heap after GC invocations=1 (full 0):
 garbage-first heap   total 253952K, used 4262K [0x0000000709800000, 0x0000000800000000)
  region size 2048K, 2 young (4096K), 2 survivors (4096K)
 Metaspace       used 5231K, committed 5376K, reserved 1114112K
  class space    used 487K, committed 576K, reserved 1048576K
}

Dll operation events (12 events):
Event: 0.007 Loaded shared library C:\Users\User\.jdks\openjdk-21.0.1\bin\java.dll
Event: 0.040 Loaded shared library C:\Users\User\.jdks\openjdk-21.0.1\bin\jsvml.dll
Event: 0.099 Loaded shared library C:\Users\User\.jdks\openjdk-21.0.1\bin\zip.dll
Event: 0.103 Loaded shared library C:\Users\User\.jdks\openjdk-21.0.1\bin\instrument.dll
Event: 0.108 Loaded shared library C:\Users\User\.jdks\openjdk-21.0.1\bin\net.dll
Event: 0.110 Loaded shared library C:\Users\User\.jdks\openjdk-21.0.1\bin\nio.dll
Event: 0.112 Loaded shared library C:\Users\User\.jdks\openjdk-21.0.1\bin\zip.dll
Event: 0.149 Loaded shared library D:\IntelliJ IDEA 2023.1.4\bin\breakgen64.dll
Event: 0.156 Loaded shared library C:\Users\User\.jdks\openjdk-21.0.1\bin\extnet.dll
Event: 0.185 Loaded shared library C:\Users\User\.jdks\openjdk-21.0.1\bin\jimage.dll
Event: 0.390 Loaded shared library C:\Users\User\.jdks\openjdk-21.0.1\bin\verify.dll
Event: 0.434 Loaded shared library C:\Users\User\.jdks\openjdk-21.0.1\bin\sunmscapi.dll

Deoptimization events (20 events):
Event: 0.858 Thread 0x000001d5f2304cf0 Uncommon trap: trap_request=0xffffffc6 fr.pc=0x000001d587c1ffe4 relative=0x0000000000000484
Event: 0.858 Thread 0x000001d5f2304cf0 Uncommon trap: reason=bimorphic_or_optimized_type_check action=maybe_recompile pc=0x000001d587c1ffe4 method=java.util.Collections$UnmodifiableCollection$1.next()Ljava/lang/Object; @ 4 c2
Event: 0.858 Thread 0x000001d5f2304cf0 DEOPT PACKING pc=0x000001d587c1ffe4 sp=0x00000091486feaf0
Event: 0.858 Thread 0x000001d5f2304cf0 DEOPT UNPACKING pc=0x000001d5874a46a2 sp=0x00000091486feac0 mode 2
Event: 0.858 Thread 0x000001d5f2304cf0 Uncommon trap: trap_request=0xffffffc6 fr.pc=0x000001d587c1e33c relative=0x000000000000009c
Event: 0.858 Thread 0x000001d5f2304cf0 Uncommon trap: reason=bimorphic_or_optimized_type_check action=maybe_recompile pc=0x000001d587c1e33c method=java.util.Collections$UnmodifiableCollection$1.hasNext()Z @ 4 c2
Event: 0.858 Thread 0x000001d5f2304cf0 DEOPT PACKING pc=0x000001d587c1e33c sp=0x00000091486feb30
Event: 0.858 Thread 0x000001d5f2304cf0 DEOPT UNPACKING pc=0x000001d5874a46a2 sp=0x00000091486feac0 mode 2
Event: 0.858 Thread 0x000001d5f2304cf0 Uncommon trap: trap_request=0xffffffc6 fr.pc=0x000001d587c1e33c relative=0x000000000000009c
Event: 0.858 Thread 0x000001d5f2304cf0 Uncommon trap: reason=bimorphic_or_optimized_type_check action=maybe_recompile pc=0x000001d587c1e33c method=java.util.Collections$UnmodifiableCollection$1.hasNext()Z @ 4 c2
Event: 0.858 Thread 0x000001d5f2304cf0 DEOPT PACKING pc=0x000001d587c1e33c sp=0x00000091486feb30
Event: 0.858 Thread 0x000001d5f2304cf0 DEOPT UNPACKING pc=0x000001d5874a46a2 sp=0x00000091486feac0 mode 2
Event: 0.858 Thread 0x000001d5f2304cf0 Uncommon trap: trap_request=0xffffffc6 fr.pc=0x000001d587c1ffe4 relative=0x0000000000000484
Event: 0.858 Thread 0x000001d5f2304cf0 Uncommon trap: reason=bimorphic_or_optimized_type_check action=maybe_recompile pc=0x000001d587c1ffe4 method=java.util.Collections$UnmodifiableCollection$1.next()Ljava/lang/Object; @ 4 c2
Event: 0.858 Thread 0x000001d5f2304cf0 DEOPT PACKING pc=0x000001d587c1ffe4 sp=0x00000091486feaf0
Event: 0.858 Thread 0x000001d5f2304cf0 DEOPT UNPACKING pc=0x000001d5874a46a2 sp=0x00000091486feac0 mode 2
Event: 0.858 Thread 0x000001d5f2304cf0 Uncommon trap: trap_request=0xffffffc6 fr.pc=0x000001d587c1ffe4 relative=0x0000000000000484
Event: 0.858 Thread 0x000001d5f2304cf0 Uncommon trap: reason=bimorphic_or_optimized_type_check action=maybe_recompile pc=0x000001d587c1ffe4 method=java.util.Collections$UnmodifiableCollection$1.next()Ljava/lang/Object; @ 4 c2
Event: 0.858 Thread 0x000001d5f2304cf0 DEOPT PACKING pc=0x000001d587c1ffe4 sp=0x00000091486feaf0
Event: 0.858 Thread 0x000001d5f2304cf0 DEOPT UNPACKING pc=0x000001d5874a46a2 sp=0x00000091486feac0 mode 2

Classes loaded (20 events):
Event: 0.889 Loading class sun/security/util/math/intpoly/IntegerPolynomialP384
Event: 0.890 Loading class sun/security/util/math/intpoly/IntegerPolynomialP384 done
Event: 0.890 Loading class sun/security/util/math/intpoly/IntegerPolynomialP521
Event: 0.890 Loading class sun/security/util/math/intpoly/IntegerPolynomialP521 done
Event: 0.890 Loading class sun/security/util/math/intpoly/P384OrderField
Event: 0.890 Loading class sun/security/util/math/intpoly/P384OrderField done
Event: 0.890 Loading class sun/security/util/math/intpoly/P521OrderField
Event: 0.890 Loading class sun/security/util/math/intpoly/P521OrderField done
Event: 0.891 Loading class java/security/interfaces/ECPrivateKey
Event: 0.891 Loading class java/security/interfaces/ECPrivateKey done
Event: 0.891 Loading class sun/security/util/ArrayUtil
Event: 0.891 Loading class sun/security/util/ArrayUtil done
Event: 0.894 Loading class sun/security/util/math/IntegerModuloP$MultiplicativeInverser$Secp256R1
Event: 0.894 Loading class sun/security/util/math/IntegerModuloP$MultiplicativeInverser$Secp256R1 done
Event: 0.923 Loading class sun/security/ssl/KeyShareExtension$CHKeyShareSpec
Event: 0.923 Loading class sun/security/ssl/KeyShareExtension$CHKeyShareSpec done
Event: 0.923 Loading class sun/security/ssl/OutputRecord$T13PaddingHolder
Event: 0.923 Loading class sun/security/ssl/OutputRecord$T13PaddingHolder done
Event: 0.923 Loading class sun/security/ssl/ContentType
Event: 0.923 Loading class sun/security/ssl/ContentType done

Classes unloaded (0 events):
No events

Classes redefined (0 events):
No events

Internal exceptions (10 events):
Event: 0.142 Thread 0x000001d5f2304cf0 Exception <a 'java/lang/NoSuchMethodError'{0x000000071880eb08}: 'void java.lang.invoke.DirectMethodHandle$Holder.invokeStatic(java.lang.Object, java.lang.Object, java.lang.Object)'> (0x000000071880eb08) 
thrown [s\open\src\hotspot\share\interpreter\linkResolver.cpp, line 773]
Event: 0.146 Thread 0x000001d5f2304cf0 Exception <a 'java/lang/NoSuchMethodError'{0x0000000718826010}: 'java.lang.Object java.lang.invoke.Invokers$Holder.invokeExact_MT(java.lang.Object, java.lang.Object, java.lang.Object, java.lang.Object, java.lang.Object)'> (0x0000000718826010) 
thrown [s\open\src\hotspot\share\interpreter\linkResolver.cpp, line 773]
Event: 0.157 Thread 0x000001d5da30fc40 Exception <a 'java/lang/NoSuchMethodError'{0x0000000718879ab8}: 'void java.lang.invoke.DirectMethodHandle$Holder.invokeStatic(java.lang.Object, java.lang.Object)'> (0x0000000718879ab8) 
thrown [s\open\src\hotspot\share\interpreter\linkResolver.cpp, line 773]
Event: 0.399 Thread 0x000001d5f2304cf0 Exception <a 'java/lang/NoClassDefFoundError'{0x0000000718fa4068}: org/apache/log4j/Priority> (0x0000000718fa4068) 
thrown [s\open\src\hotspot\share\classfile\systemDictionary.cpp, line 301]
Event: 0.460 Thread 0x000001d5f2304cf0 Exception <a 'sun/nio/fs/WindowsException'{0x0000000718d134c8}> (0x0000000718d134c8) 
thrown [s\open\src\hotspot\share\prims\jni.cpp, line 520]
Event: 0.513 Thread 0x000001d5f2304cf0 Exception <a 'java/lang/NoSuchMethodError'{0x0000000718ae8400}: 'void java.lang.invoke.DirectMethodHandle$Holder.invokeVirtual(java.lang.Object, java.lang.Object)'> (0x0000000718ae8400) 
thrown [s\open\src\hotspot\share\interpreter\linkResolver.cpp, line 773]
Event: 0.551 Thread 0x000001d5f2304cf0 Exception <a 'java/lang/NoSuchMethodError'{0x00000007186b0c60}: 'java.lang.Object java.lang.invoke.DirectMethodHandle$Holder.invokeStaticInit(java.lang.Object, int, int, int, int)'> (0x00000007186b0c60) 
thrown [s\open\src\hotspot\share\interpreter\linkResolver.cpp, line 773]
Event: 0.562 Thread 0x000001d5f2304cf0 Exception <a 'java/lang/NoSuchMethodError'{0x00000007186f02e0}: 'java.lang.Object java.lang.invoke.DirectMethodHandle$Holder.invokeStaticInit(java.lang.Object, java.lang.Object, int, int, int, int)'> (0x00000007186f02e0) 
thrown [s\open\src\hotspot\share\interpreter\linkResolver.cpp, line 773]
Event: 0.614 Thread 0x000001d5f2304cf0 Exception <a 'java/lang/NoSuchMethodError'{0x00000007185920c8}: 'void java.lang.invoke.DirectMethodHandle$Holder.invokeSpecial(java.lang.Object, java.lang.Object, java.lang.Object, java.lang.Object, java.lang.Object)'> (0x00000007185920c8) 
thrown [s\open\src\hotspot\share\interpreter\linkResolver.cpp, line 773]
Event: 0.631 Thread 0x000001d5f2304cf0 Exception <a 'java/lang/NoSuchMethodError'{0x000000071821bed8}: 'java.lang.Object java.lang.invoke.DirectMethodHandle$Holder.newInvokeSpecial(java.lang.Object, java.lang.Object, java.lang.Object, java.lang.Object, java.lang.Object)'> (0x000000071821bed8) 
thrown [s\open\src\hotspot\share\interpreter\linkResolver.cpp, line 773]

ZGC Phase Switch (0 events):
No events

VM Operations (20 events):
Event: 0.372 Executing VM operation: G1CollectForAllocation (G1 Evacuation Pause)
Event: 0.376 Executing VM operation: G1CollectForAllocation (G1 Evacuation Pause) done
Event: 0.392 Executing VM operation: HandshakeAllThreads (Deoptimize)
Event: 0.392 Executing VM operation: HandshakeAllThreads (Deoptimize) done
Event: 0.437 Executing VM operation: HandshakeAllThreads (Deoptimize)
Event: 0.437 Executing VM operation: HandshakeAllThreads (Deoptimize) done
Event: 0.469 Executing VM operation: HandshakeAllThreads (Deoptimize)
Event: 0.469 Executing VM operation: HandshakeAllThreads (Deoptimize) done
Event: 0.508 Executing VM operation: HandshakeAllThreads (Deoptimize)
Event: 0.508 Executing VM operation: HandshakeAllThreads (Deoptimize) done
Event: 0.566 Executing VM operation: HandshakeAllThreads (Deoptimize)
Event: 0.566 Executing VM operation: HandshakeAllThreads (Deoptimize) done
Event: 0.594 Executing VM operation: HandshakeAllThreads (Deoptimize)
Event: 0.594 Executing VM operation: HandshakeAllThreads (Deoptimize) done
Event: 0.594 Executing VM operation: HandshakeAllThreads (Deoptimize)
Event: 0.594 Executing VM operation: HandshakeAllThreads (Deoptimize) done
Event: 0.640 Executing VM operation: HandshakeAllThreads (Deoptimize)
Event: 0.640 Executing VM operation: HandshakeAllThreads (Deoptimize) done
Event: 0.860 Executing VM operation: HandshakeAllThreads (Deoptimize)
Event: 0.860 Executing VM operation: HandshakeAllThreads (Deoptimize) done

Events (20 events):
Event: 0.037 Thread 0x000001d5ff1543c0 Thread added: 0x000001d5ff1543c0
Event: 0.038 Thread 0x000001d5ff1550e0 Thread added: 0x000001d5ff1550e0
Event: 0.038 Thread 0x000001d5ff157730 Thread added: 0x000001d5ff157730
Event: 0.038 Thread 0x000001d5ff158190 Thread added: 0x000001d5ff158190
Event: 0.038 Thread 0x000001d5ff158bf0 Thread added: 0x000001d5ff158bf0
Event: 0.038 Thread 0x000001d5ff159780 Thread added: 0x000001d5ff159780
Event: 0.038 Thread 0x000001d5ff168b70 Thread added: 0x000001d5ff168b70
Event: 0.038 Thread 0x000001d5ff169740 Thread added: 0x000001d5ff169740
Event: 0.083 Thread 0x000001d5ff11e280 Thread added: 0x000001d5ff11e280
Event: 0.088 Thread 0x000001d5da0eb830 Thread added: 0x000001d5da0eb830
Event: 0.088 Thread 0x000001d5da0ec0a0 Thread added: 0x000001d5da0ec0a0
Event: 0.129 Thread 0x000001d5da1c6e60 Thread added: 0x000001d5da1c6e60
Event: 0.132 Thread 0x000001d5da19b880 Thread added: 0x000001d5da19b880
Event: 0.150 Thread 0x000001d5da30fc40 Thread added: 0x000001d5da30fc40
Event: 0.150 Thread 0x000001d5da3102b0 Thread added: 0x000001d5da3102b0
Event: 0.247 Thread 0x000001d5da662e20 Thread added: 0x000001d5da662e20
Event: 0.834 Thread 0x000001d5da19b880 Thread exited: 0x000001d5da19b880
Event: 0.834 Thread 0x000001d5da1c6e60 Thread exited: 0x000001d5da1c6e60
Event: 0.855 Thread 0x000001d5db12d5d0 Thread added: 0x000001d5db12d5d0
Event: 0.896 Thread 0x000001d5db182010 Thread added: 0x000001d5db182010


Dynamic libraries:
0x00007ff76c450000 - 0x00007ff76c45e000 	C:\Users\User\.jdks\openjdk-21.0.1\bin\java.exe
0x00007ffeb3370000 - 0x00007ffeb3587000 	C:\WINDOWS\SYSTEM32\ntdll.dll
0x00007ffeb2d90000 - 0x00007ffeb2e54000 	C:\WINDOWS\System32\KERNEL32.DLL
0x00007ffeb0bf0000 - 0x00007ffeb0f95000 	C:\WINDOWS\System32\KERNELBASE.dll
0x00007ffeb0fa0000 - 0x00007ffeb10b1000 	C:\WINDOWS\System32\ucrtbase.dll
0x00007ffea07e0000 - 0x00007ffea07f8000 	C:\Users\User\.jdks\openjdk-21.0.1\bin\jli.dll
0x00007ffea0760000 - 0x00007ffea077b000 	C:\Users\User\.jdks\openjdk-21.0.1\bin\VCRUNTIME140.dll
0x00007ffeb2790000 - 0x00007ffeb293e000 	C:\WINDOWS\System32\USER32.dll
0x00007ffeb0910000 - 0x00007ffeb0936000 	C:\WINDOWS\System32\win32u.dll
0x00007ffe9ddd0000 - 0x00007ffe9e063000 	C:\WINDOWS\WinSxS\amd64_microsoft.windows.common-controls_6595b64144ccf1df_6.0.22621.2506_none_270c5ae97388e100\COMCTL32.dll
0x00007ffeb1a70000 - 0x00007ffeb1a99000 	C:\WINDOWS\System32\GDI32.dll
0x00007ffeb2520000 - 0x00007ffeb25c7000 	C:\WINDOWS\System32\msvcrt.dll
0x00007ffeb07f0000 - 0x00007ffeb0909000 	C:\WINDOWS\System32\gdi32full.dll
0x00007ffeb06e0000 - 0x00007ffeb077a000 	C:\WINDOWS\System32\msvcp_win.dll
0x00007ffeb1ab0000 - 0x00007ffeb1ae1000 	C:\WINDOWS\System32\IMM32.DLL
0x00007ffea2460000 - 0x00007ffea246c000 	C:\Users\User\.jdks\openjdk-21.0.1\bin\vcruntime140_1.dll
0x00007ffe96c30000 - 0x00007ffe96cbe000 	C:\Users\User\.jdks\openjdk-21.0.1\bin\msvcp140.dll
0x00007ffe6db10000 - 0x00007ffe6e825000 	C:\Users\User\.jdks\openjdk-21.0.1\bin\server\jvm.dll
0x00007ffeb2ef0000 - 0x00007ffeb2fa1000 	C:\WINDOWS\System32\ADVAPI32.dll
0x00007ffeb2090000 - 0x00007ffeb2136000 	C:\WINDOWS\System32\sechost.dll
0x00007ffeb1f70000 - 0x00007ffeb2087000 	C:\WINDOWS\System32\RPCRT4.dll
0x00007ffeb2c60000 - 0x00007ffeb2cd1000 	C:\WINDOWS\System32\WS2_32.dll
0x00007ffeaf530000 - 0x00007ffeaf57d000 	C:\WINDOWS\SYSTEM32\POWRPROF.dll
0x00007ffea7a00000 - 0x00007ffea7a34000 	C:\WINDOWS\SYSTEM32\WINMM.dll
0x00007ffea6900000 - 0x00007ffea690a000 	C:\WINDOWS\SYSTEM32\VERSION.dll
0x00007ffeaf510000 - 0x00007ffeaf523000 	C:\WINDOWS\SYSTEM32\UMPDC.dll
0x00007ffeaf7d0000 - 0x00007ffeaf7e8000 	C:\WINDOWS\SYSTEM32\kernel.appcore.dll
0x00007ffea1cd0000 - 0x00007ffea1cda000 	C:\Users\User\.jdks\openjdk-21.0.1\bin\jimage.dll
0x00007ffeadb80000 - 0x00007ffeaddb3000 	C:\WINDOWS\SYSTEM32\DBGHELP.DLL
0x00007ffeb2190000 - 0x00007ffeb2519000 	C:\WINDOWS\System32\combase.dll
0x00007ffeb30a0000 - 0x00007ffeb3177000 	C:\WINDOWS\System32\OLEAUT32.dll
0x00007ffea33e0000 - 0x00007ffea3412000 	C:\WINDOWS\SYSTEM32\dbgcore.DLL
0x00007ffeb0ab0000 - 0x00007ffeb0b2a000 	C:\WINDOWS\System32\bcryptPrimitives.dll
0x00007ffeaaee0000 - 0x00007ffeaaeef000 	C:\Users\User\.jdks\openjdk-21.0.1\bin\instrument.dll
0x00007ffe9b690000 - 0x00007ffe9b6af000 	C:\Users\User\.jdks\openjdk-21.0.1\bin\java.dll
0x00007ffeb1210000 - 0x00007ffeb1a69000 	C:\WINDOWS\System32\SHELL32.dll
0x00007ffeae610000 - 0x00007ffeaef04000 	C:\WINDOWS\SYSTEM32\windows.storage.dll
0x00007ffeae4d0000 - 0x00007ffeae60e000 	C:\WINDOWS\SYSTEM32\wintypes.dll
0x00007ffeb10c0000 - 0x00007ffeb11b3000 	C:\WINDOWS\System32\SHCORE.dll
0x00007ffeb3180000 - 0x00007ffeb31de000 	C:\WINDOWS\System32\shlwapi.dll
0x00007ffeb0610000 - 0x00007ffeb0636000 	C:\WINDOWS\SYSTEM32\profapi.dll
0x00007ffe74720000 - 0x00007ffe747f7000 	C:\Users\User\.jdks\openjdk-21.0.1\bin\jsvml.dll
0x00007ffe98160000 - 0x00007ffe98178000 	C:\Users\User\.jdks\openjdk-21.0.1\bin\zip.dll
0x00007ffea1c80000 - 0x00007ffea1c90000 	C:\Users\User\.jdks\openjdk-21.0.1\bin\net.dll
0x00007ffeaa880000 - 0x00007ffeaa9b7000 	C:\WINDOWS\SYSTEM32\WINHTTP.dll
0x00007ffeafc50000 - 0x00007ffeafcb9000 	C:\WINDOWS\system32\mswsock.dll
0x00007ffe9b5c0000 - 0x00007ffe9b5d6000 	C:\Users\User\.jdks\openjdk-21.0.1\bin\nio.dll
0x00007ffeaae80000 - 0x00007ffeaae9a000 	D:\IntelliJ IDEA 2023.1.4\bin\breakgen64.dll
0x00007ffea0e00000 - 0x00007ffea0e07000 	C:\Users\User\.jdks\openjdk-21.0.1\bin\extnet.dll
0x00007ffe9b7a0000 - 0x00007ffe9b7b0000 	C:\Users\User\.jdks\openjdk-21.0.1\bin\verify.dll
0x00007ffeaab70000 - 0x00007ffeaab7e000 	C:\Users\User\.jdks\openjdk-21.0.1\bin\sunmscapi.dll
0x00007ffeb0940000 - 0x00007ffeb0aa6000 	C:\WINDOWS\System32\CRYPT32.dll
0x00007ffeb0060000 - 0x00007ffeb008d000 	C:\WINDOWS\SYSTEM32\ncrypt.dll
0x00007ffeb0020000 - 0x00007ffeb0057000 	C:\WINDOWS\SYSTEM32\NTASN1.dll
0x00007ffeafeb0000 - 0x00007ffeafecb000 	C:\WINDOWS\SYSTEM32\CRYPTSP.dll
0x00007ffeaf730000 - 0x00007ffeaf765000 	C:\WINDOWS\system32\rsaenh.dll
0x00007ffeafd40000 - 0x00007ffeafd6c000 	C:\WINDOWS\SYSTEM32\USERENV.dll
0x00007ffeb0090000 - 0x00007ffeb00b8000 	C:\WINDOWS\SYSTEM32\bcrypt.dll
0x00007ffeafea0000 - 0x00007ffeafeac000 	C:\WINDOWS\SYSTEM32\CRYPTBASE.dll
0x00007ffeaf1e0000 - 0x00007ffeaf20d000 	C:\WINDOWS\SYSTEM32\IPHLPAPI.DLL
0x00007ffeb2770000 - 0x00007ffeb2779000 	C:\WINDOWS\System32\NSI.dll
0x00007ffeaf210000 - 0x00007ffeaf309000 	C:\WINDOWS\SYSTEM32\DNSAPI.dll
0x00007ffea81a0000 - 0x00007ffea81aa000 	C:\Windows\System32\rasadhlp.dll
0x00007ffea7860000 - 0x00007ffea78e3000 	C:\WINDOWS\System32\fwpuclnt.dll

dbghelp: loaded successfully - version: 4.0.5 - missing functions: none
symbol engine: initialized successfully - sym options: 0x614 - pdb path: .;C:\Users\User\.jdks\openjdk-21.0.1\bin;C:\WINDOWS\SYSTEM32;C:\WINDOWS\WinSxS\amd64_microsoft.windows.common-controls_6595b64144ccf1df_6.0.22621.2506_none_270c5ae97388e100;C:\Users\User\.jdks\openjdk-21.0.1\bin\server;D:\IntelliJ IDEA 2023.1.4\bin

VM Arguments:
jvm_args: -javaagent:D:\IntelliJ IDEA 2023.1.4\lib\idea_rt.jar=54837:D:\IntelliJ IDEA 2023.1.4\bin -Dfile.encoding=UTF-8 -Dsun.stdout.encoding=UTF-8 -Dsun.stderr.encoding=UTF-8 
java_command: uz.pdp.run.Run
java_class_path (initial): C:\Users\User\Desktop\Java\java development\java basic\bot\target\classes;C:\Users\User\.m2\repository\org\slf4j\slf4j-simple\2.0.7\slf4j-simple-2.0.7.jar;C:\Users\User\.m2\repository\org\slf4j\slf4j-api\2.0.7\slf4j-api-2.0.7.jar;C:\Users\User\.m2\repository\javax\mail\javax.mail-api\1.6.2\javax.mail-api-1.6.2.jar;C:\Users\User\.m2\repository\com\mysql\mysql-connector-j\8.0.33\mysql-connector-j-8.0.33.jar;C:\Users\User\.m2\repository\com\google\protobuf\protobuf-java\3.21.9\protobuf-java-3.21.9.jar;C:\Users\User\.m2\repository\com\sun\mail\javax.mail\1.6.2\javax.mail-1.6.2.jar;C:\Users\User\.m2\repository\javax\activation\activation\1.1\activation-1.1.jar;C:\Users\User\.m2\repository\com\google\code\gson\gson\2.8.8\gson-2.8.8.jar;C:\Users\User\.m2\repository\org\telegram\telegrambots\6.8.0\telegrambots-6.8.0.jar;C:\Users\User\.m2\repository\org\telegram\telegrambots-meta\6.8.0\telegrambots-meta-6.8.0.jar;C:\Users\User\.m2\repository\org\apache\commons\commons-lang3\3.12.0\commons-lang3-3.12.0.jar;C:\Users\User\.m2\repository\com\fasterxml\jackson\datatype\jackson-datatype-jsr310\2.14.2\jackson-datatype-jsr310-2.14.2.jar;C:\Users\User\.m2\repository\com\fasterxml\jackson\core\jackson-annotations\2.14.2\jackson-annotations-2.14.2.jar;C:\Users\User\.m2\repository\com\fasterxml\jackson\jaxrs\jackson-jaxrs-json-provider\2.14.2\jackson-jaxrs-json-provider-2.14.2.jar;C:\Users\User\.m2\repository\com\fasterxml\jackson\jaxrs\jackson-jaxrs-base\2.14.2\jackson-jaxrs-base-2.14.2.jar;C:\Users\User\.m2\repository\com\fasterxml\jackson\module\jackson-module-jaxb-annotations\2.14.2\jackson-module-jaxb-annotations-2.14.2.jar;C:\Users\User\.m2\repository\com\fasterxml\jackson\core\jackson-core\2.14.2\jackson-core-2.14.2.jar;C:\Users\User\.m2\repository\jakarta\xml\bind\jakarta.xml.bind-api\2.3.3\jakarta.xml.bind-api-2.3.3.jar;C:\Users\User\.m2\repository\com\fasterxml\jackson\core\jackson-databind\2.14.2\jackson-databind-2.14.2.jar;C:\Users\User\.m2\repository\org\glassfish\jersey\inject\jersey-hk2\2.35\jersey-hk2-2.35.jar;C:\Users\User\.m2\repository\org\glassfish\jersey\core\jersey-common\2.35\jersey-common-2.35.jar;C:\Users\User\.m2\repository\org\glassfish\hk2\osgi-resource-locator\1.0.3\osgi-resource-locator-1.0.3.jar;C:\Users\User\.m2\repository\org\glassfish\hk2\hk2-locator\2.6.1\hk2-locator-2.6.1.jar;C:\Users\User\.m2\repository\org\glassfish\hk2\external\aopalliance-repackaged\2.6.1\aopalliance-repackaged-2.6.1.jar;C:\Users\User\.m2\repository\org\glassfish\hk2\hk2-api\2.6.1\hk2-api-2.6.1.jar;C:\Users\User\.m2\repository\org\glassfish\hk2\hk2-utils\2.6.1\hk2-utils-2.6.1.jar;C:\Users\User\.m2\repository\org\javassist\javassist\3.25.0-GA\javassist-3.25.0-GA.jar;C:\Users\User\.m2\repository\org\glassfish\jersey\media\jersey-media-json-jackson\2.35\jersey-media-json-jackson-2.35.jar;C:\Users\User\.m2\repository\org\glassfish\jersey\ext\jersey-entity-filtering\2.35\jersey-entity-filtering-2.35.jar;C:\Users\User\.m2\repository\org\glassfish\jersey\containers\jersey-container-grizzly2-http\2.35\jersey-container-grizzly2-http-2.35.jar;C:\Users\User\.m2\repository\org\glassfish\hk2\external\jakarta.inject\2.6.1\jakarta.inject-2.6.1.jar;C:\Users\User\.m2\repository\org\glassfish\grizzly\grizzly-http-server\2.4.4\grizzly-http-server-2.4.4.jar;C:\Users\User\.m2\repository\org\glassfish\grizzly\grizzly-http\2.4.4\grizzly-http-2.4.4.jar;C:\Users\User\.m2\repository\org\glassfish\grizzly\grizzly-framework\2.4.4\grizzly-framework-2.4.4.jar;C:\Users\User\.m2\repository\jakarta\ws\rs\jakarta.ws.rs-api\2.1.6\jakarta.ws.rs-api-2.1.6.jar;C:\Users\User\.m2\repository\org\glassfish\jersey\core\jersey-server\2.35\jersey-server-2.35.jar;C:\Users\User\.m2\repository\org\glassfish\jersey\core\jersey-client\2.35\jersey-client-2.35.jar;C:\Users\User\.m2\repository\jakarta\annotation\jakarta.annotation-api\1.3.5\jakarta.annotation-api-1.3.5.jar;C:\Users\User\.m2\repository\jakarta\validation\jakarta.validation-api\2.0.2\jakarta.validation-api-2.0.2.jar;C:\Users\User\.m2\repository\org\apache\httpcomponents\httpclient\4.5.13\httpclient-4.5.13.jar;C:\Users\User\.m2\repository\org\apache\httpcomponents\httpcore\4.4.13\httpcore-4.4.13.jar;C:\Users\User\.m2\repository\commons-logging\commons-logging\1.2\commons-logging-1.2.jar;C:\Users\User\.m2\repository\commons-codec\commons-codec\1.11\commons-codec-1.11.jar;C:\Users\User\.m2\repository\org\apache\httpcomponents\httpmime\4.5.13\httpmime-4.5.13.jar;C:\Users\User\.m2\repository\cn\nikeo\jsonBuilder\jsonBuilder\0.2.0\jsonBuilder-0.2.0.jar;C:\Users\User\.m2\repository\org\jetbrains\kotlin\kotlin-stdlib-jdk8\1.4.10\kotlin-stdlib-jdk8-1.4.10.jar;C:\Users\User\.m2\repository\org\jetbrains\kotlin\kotlin-stdlib\1.4.10\kotlin-stdlib-1.4.10.jar;C:\Users\User\.m2\repository\org\jetbrains\kotlin\kotlin-stdlib-common\1.4.10\kotlin-stdlib-common-1.4.10.jar;C:\Users\User\.m2\repository\org\jetbrains\annotations\13.0\annotations-13.0.jar;C:\Users\User\.m2\repository\org\jetbrains\kotlin\kotlin-stdlib-jdk7\1.4.10\kotlin-stdlib-jdk7-1.4.10.jar;C:\Users\User\.m2\repository\org\json\json\20200518\json-20200518.jar;C:\Users\User\.m2\repository\com\github\holgerbrandl\jsonbuilder\0.10\jsonbuilder-0.10.jar;C:\Users\User\.m2\repository\commons-io\commons-io\2.6\commons-io-2.6.jar
Launcher Type: SUN_STANDARD

[Global flags]
     intx CICompilerCount                          = 12                                        {product} {ergonomic}
     uint ConcGCThreads                            = 3                                         {product} {ergonomic}
     uint G1ConcRefinementThreads                  = 13                                        {product} {ergonomic}
   size_t G1HeapRegionSize                         = 2097152                                   {product} {ergonomic}
    uintx GCDrainStackTargetSize                   = 64                                        {product} {ergonomic}
   size_t InitialHeapSize                          = 260046848                                 {product} {ergonomic}
   size_t MarkStackSize                            = 4194304                                   {product} {ergonomic}
   size_t MaxHeapSize                              = 4135583744                                {product} {ergonomic}
   size_t MaxNewSize                               = 2480930816                                {product} {ergonomic}
   size_t MinHeapDeltaBytes                        = 2097152                                   {product} {ergonomic}
   size_t MinHeapSize                              = 8388608                                   {product} {ergonomic}
    uintx NonNMethodCodeHeapSize                   = 7602480                                {pd product} {ergonomic}
    uintx NonProfiledCodeHeapSize                  = 122027880                              {pd product} {ergonomic}
    uintx ProfiledCodeHeapSize                     = 122027880                              {pd product} {ergonomic}
    uintx ReservedCodeCacheSize                    = 251658240                              {pd product} {ergonomic}
     bool SegmentedCodeCache                       = true                                      {product} {ergonomic}
   size_t SoftMaxHeapSize                          = 4135583744                             {manageable} {ergonomic}
     bool UseCompressedOops                        = true                           {product lp64_product} {ergonomic}
     bool UseG1GC                                  = true                                      {product} {ergonomic}
     bool UseLargePagesIndividualAllocation        = false                                  {pd product} {ergonomic}

Logging:
Log output configuration:
 #0: stdout all=warning uptime,level,tags foldmultilines=false
 #1: stderr all=off uptime,level,tags foldmultilines=false

Environment Variables:
PATH=C:\Program Files\Common Files\Oracle\Java\javapath;C:\Windows\system32;C:\Windows;C:\Windows\System32\Wbem;C:\Windows\System32\WindowsPowerShell\v1.0\;C:\Windows\System32\OpenSSH\;C:\Program Files (x86)\NVIDIA Corporation\PhysX\Common;C:\WINDOWS\system32;C:\WINDOWS;C:\WINDOWS\System32\Wbem;C:\WINDOWS\System32\WindowsPowerShell\v1.0\;C:\WINDOWS\System32\OpenSSH\;D:\g\Git\cmd;C:\Program Files\Git\cmd;C:\Users\User\AppData\Local\Microsoft\WindowsApps;;D:\Microsoft VS Code\bin
USERNAME=User
OS=Windows_NT
PROCESSOR_IDENTIFIER=AMD64 Family 25 Model 80 Stepping 0, AuthenticAMD
TMP=C:\Users\User\AppData\Local\Temp
TEMP=C:\Users\User\AppData\Local\Temp




Periodic native trim disabled

---------------  S Y S T E M  ---------------

OS:
 Windows 11 , 64 bit Build 22621 (10.0.22621.2506)
OS uptime: 0 days 6:55 hours

CPU: total 16 (initial active 16) (16 cores per cpu, 2 threads per core) family 25 model 80 stepping 0 microcode 0x0, cx8, cmov, fxsr, ht, mmx, 3dnowpref, sse, sse2, sse3, ssse3, sse4a, sse4.1, sse4.2, popcnt, lzcnt, tsc, tscinvbit, avx, avx2, aes, erms, clmul, bmi1, bmi2, adx, sha, fma, vzeroupper, clflush, clflushopt, rdtscp, rdpid, fsrm, f16c, pku, cet_ss
Processor Information for all 16 processors :
  Max Mhz: 3201, Current Mhz: 3201, Mhz Limit: 3201

Memory: 4k page, system-wide physical 15775M (623M free)
TotalPageFile size 27148M (AvailPageFile size 5M)
current process WorkingSet (physical memory assigned to process): 105M, peak: 105M
current process commit charge ("private bytes"): 379M, peak: 379M

vm_info: OpenJDK 64-Bit Server VM (21.0.1+12-29) for windows-amd64 JRE (21.0.1+12-29), built on 2023-10-05T13:27:09Z by "mach5one" with MS VC++ 17.1 (VS2022)

END.
