#
# There is insufficient memory for the Java Runtime Environment to continue.
# Native memory allocation (malloc) failed to allocate 32744 bytes for Chunk::new
# Possible reasons:
#   The system is out of physical RAM or swap space
#   The process is running with CompressedOops enabled, and the Java Heap may be blocking the growth of the native heap
# Possible solutions:
#   Reduce memory load on the system
#   Increase physical memory or swap space
#   Check if swap backing store is full
#   Decrease Java heap size (-Xmx/-Xms)
#   Decrease number of Java threads
#   Decrease Java thread stack sizes (-Xss)
#   Set larger code cache with -XX:ReservedCodeCacheSize=
#   JVM is running with Zero Based Compressed Oops mode in which the Java heap is
#     placed in the first 32GB address space. The Java Heap base address is the
#     maximum limit for the native heap growth. Please use -XX:HeapBaseMinAddress
#     to set the Java Heap base and to place the Java Heap above 32GB virtual address.
# This output file may be truncated or incomplete.
#
#  Out of Memory Error (arena.cpp:168), pid=15672, tid=5528
#
# JRE version: OpenJDK Runtime Environment (21.0.1+12) (build 21.0.1+12-29)
# Java VM: OpenJDK 64-Bit Server VM (21.0.1+12-29, mixed mode, sharing, tiered, compressed oops, compressed class ptrs, g1 gc, windows-amd64)
# No core dump will be written. Minidumps are not enabled by default on client versions of Windows
#

---------------  S U M M A R Y ------------

Command Line: -javaagent:D:\IntelliJ IDEA 2023.1.4\lib\idea_rt.jar=50661:D:\IntelliJ IDEA 2023.1.4\bin -Dfile.encoding=UTF-8 -Dsun.stdout.encoding=UTF-8 -Dsun.stderr.encoding=UTF-8 uz.pdp.run.Run

Host: AMD Ryzen 7 5800H with Radeon Graphics         , 16 cores, 15G,  Windows 11 , 64 bit Build 22621 (10.0.22621.2506)
Time: Sat Dec  2 16:36:29 2023  Windows 11 , 64 bit Build 22621 (10.0.22621.2506) elapsed time: 52.078377 seconds (0d 0h 0m 52s)

---------------  T H R E A D  ---------------

Current thread (0x0000021d218250b0):  JavaThread "C1 CompilerThread1" daemon [_thread_in_native, id=5528, stack(0x000000b70ff00000,0x000000b710000000) (1024K)]


Current CompileTask:
C1:  52078 2038       3       java.util.concurrent.ConcurrentLinkedQueue::poll (84 bytes)

Stack: [0x000000b70ff00000,0x000000b710000000]
Native frames: (J=compiled Java code, j=interpreted, Vv=VM code, C=native code)
V  [jvm.dll+0x6c9029]
V  [jvm.dll+0x854b81]
V  [jvm.dll+0x856e5e]
V  [jvm.dll+0x857543]
V  [jvm.dll+0x280c06]
V  [jvm.dll+0xc3ead]
V  [jvm.dll+0xc43c3]
V  [jvm.dll+0x13ef0e]
V  [jvm.dll+0x13e2a7]
V  [jvm.dll+0x1a0e96]
V  [jvm.dll+0x1a28bd]
V  [jvm.dll+0x1a1f5a]
V  [jvm.dll+0x169ffb]
V  [jvm.dll+0x153de4]
V  [jvm.dll+0x153f83]
V  [jvm.dll+0x154244]
V  [jvm.dll+0x153686]
V  [jvm.dll+0x1553ed]
V  [jvm.dll+0x2586b9]
V  [jvm.dll+0x256c9a]
V  [jvm.dll+0x3ef1b6]
V  [jvm.dll+0x7fd728]
V  [jvm.dll+0x6c777d]
C  [ucrtbase.dll+0x29363]
C  [KERNEL32.DLL+0x1257d]
C  [ntdll.dll+0x5aa58]


---------------  P R O C E S S  ---------------

Threads class SMR info:
_java_thread_list=0x0000021d6839d350, length=17, elements={
0x0000021d2180e100, 0x0000021d2180ee20, 0x0000021d21812080, 0x0000021d21813f80,
0x0000021d21815180, 0x0000021d21818500, 0x0000021d21822a80, 0x0000021d21825e50,
0x0000021d217d6f40, 0x0000021d21aea6b0, 0x0000021d6709d4b0, 0x0000021d67782800,
0x0000021d67d760f0, 0x0000021d7faa49a0, 0x0000021d218250b0, 0x0000021d21825780,
0x0000021d21823c40
}

Java Threads: ( => current thread )
  0x0000021d2180e100 JavaThread "Reference Handler"          daemon [_thread_blocked, id=15504, stack(0x000000b70f400000,0x000000b70f500000) (1024K)]
  0x0000021d2180ee20 JavaThread "Finalizer"                  daemon [_thread_blocked, id=2004, stack(0x000000b70f500000,0x000000b70f600000) (1024K)]
  0x0000021d21812080 JavaThread "Signal Dispatcher"          daemon [_thread_blocked, id=8960, stack(0x000000b70f600000,0x000000b70f700000) (1024K)]
  0x0000021d21813f80 JavaThread "Attach Listener"            daemon [_thread_blocked, id=4388, stack(0x000000b70f700000,0x000000b70f800000) (1024K)]
  0x0000021d21815180 JavaThread "Service Thread"             daemon [_thread_blocked, id=19504, stack(0x000000b70f800000,0x000000b70f900000) (1024K)]
  0x0000021d21818500 JavaThread "Monitor Deflation Thread"   daemon [_thread_blocked, id=3660, stack(0x000000b70f900000,0x000000b70fa00000) (1024K)]
  0x0000021d21822a80 JavaThread "C2 CompilerThread0"         daemon [_thread_in_native, id=4000, stack(0x000000b70fa00000,0x000000b70fb00000) (1024K)]
  0x0000021d21825e50 JavaThread "C1 CompilerThread0"         daemon [_thread_in_native, id=5824, stack(0x000000b70fb00000,0x000000b70fc00000) (1024K)]
  0x0000021d217d6f40 JavaThread "Common-Cleaner"             daemon [_thread_blocked, id=3536, stack(0x000000b70fc00000,0x000000b70fd00000) (1024K)]
  0x0000021d21aea6b0 JavaThread "Monitor Ctrl-Break"         daemon [_thread_in_native, id=21780, stack(0x000000b710100000,0x000000b710200000) (1024K)]
  0x0000021d6709d4b0 JavaThread "Notification Thread"        daemon [_thread_blocked, id=21796, stack(0x000000b710200000,0x000000b710300000) (1024K)]
  0x0000021d67782800 JavaThread "BUyCar17_bot Telegram Connection"        [_thread_in_vm, id=19144, stack(0x000000b710500000,0x000000b710600000) (1024K)]
  0x0000021d67d760f0 JavaThread "BUyCar17_bot Telegram Executor"        [_thread_blocked, id=2932, stack(0x000000b710c00000,0x000000b710d00000) (1024K)]
  0x0000021d7faa49a0 JavaThread "DestroyJavaVM"                     [_thread_blocked, id=10604, stack(0x000000b70ec00000,0x000000b70ed00000) (1024K)]
=>0x0000021d218250b0 JavaThread "C1 CompilerThread1"         daemon [_thread_in_native, id=5528, stack(0x000000b70ff00000,0x000000b710000000) (1024K)]
  0x0000021d21825780 JavaThread "C1 CompilerThread2"         daemon [_thread_in_vm, id=5096, stack(0x000000b710000000,0x000000b710100000) (1024K)]
  0x0000021d21823c40 JavaThread "C1 CompilerThread3"         daemon [_thread_in_native, id=6348, stack(0x000000b710300000,0x000000b710400000) (1024K)]
Total: 17

Other Threads:
  0x0000021d217ef190 VMThread "VM Thread"                           [id=20952, stack(0x000000b70f300000,0x000000b70f400000) (1024K)]
  0x0000021d217d60e0 WatcherThread "VM Periodic Task Thread"        [id=3204, stack(0x000000b70f200000,0x000000b70f300000) (1024K)]
  0x0000021d01e3e220 WorkerThread "GC Thread#0"                     [id=5428, stack(0x000000b70ed00000,0x000000b70ee00000) (1024K)]
  0x0000021d67ad1fa0 WorkerThread "GC Thread#1"                     [id=20644, stack(0x000000b710600000,0x000000b710700000) (1024K)]
  0x0000021d67861bd0 WorkerThread "GC Thread#2"                     [id=4904, stack(0x000000b710700000,0x000000b710800000) (1024K)]
  0x0000021d67aad720 WorkerThread "GC Thread#3"                     [id=4036, stack(0x000000b710800000,0x000000b710900000) (1024K)]
  0x0000021d67aadac0 WorkerThread "GC Thread#4"                     [id=5684, stack(0x000000b710900000,0x000000b710a00000) (1024K)]
  0x0000021d67759090 WorkerThread "GC Thread#5"                     [id=15632, stack(0x000000b710a00000,0x000000b710b00000) (1024K)]
  0x0000021d6745d8f0 WorkerThread "GC Thread#6"                     [id=16640, stack(0x000000b710b00000,0x000000b710c00000) (1024K)]
  0x0000021d01e4ea30 ConcurrentGCThread "G1 Main Marker"            [id=8696, stack(0x000000b70ee00000,0x000000b70ef00000) (1024K)]
  0x0000021d01e4fcd0 WorkerThread "G1 Conc#0"                       [id=7424, stack(0x000000b70ef00000,0x000000b70f000000) (1024K)]
  0x0000021d216a7980 ConcurrentGCThread "G1 Refine#0"               [id=11828, stack(0x000000b70f000000,0x000000b70f100000) (1024K)]
  0x0000021d216a91b0 ConcurrentGCThread "G1 Service"                [id=5828, stack(0x000000b70f100000,0x000000b70f200000) (1024K)]
Total: 13

Threads with active compile tasks:
C2 CompilerThread0    52097 2058       4       java.util.HashMap::putVal (300 bytes)
C1 CompilerThread0    52097 2046       3       com.fasterxml.jackson.databind.util.internal.PrivateMaxEntriesMap::recordRead (44 bytes)
C1 CompilerThread1    52097 2038       3       java.util.concurrent.ConcurrentLinkedQueue::poll (84 bytes)
C1 CompilerThread2    52097 2083   !   3       sun.reflect.annotation.AnnotationParser::parseAnnotations (37 bytes)
C1 CompilerThread3    52097 2073       3       sun.reflect.generics.visitor.Reifier::visitClassTypeSignature (381 bytes)
Total: 5

VM state: not at safepoint (normal execution)

VM Mutex/Monitor currently owned by a thread:  ([mutex/lock_event])
[0x00007fff7af48578] Metaspace_lock - owner thread: 0x0000021d21825780

Heap address: 0x0000000709800000, size: 3944 MB, Compressed Oops mode: Zero based, Oop shift amount: 3

CDS archive(s) mapped at: [0x0000021d22000000-0x0000021d22c90000-0x0000021d22c90000), size 13172736, SharedBaseAddress: 0x0000021d22000000, ArchiveRelocationMode: 1.
Compressed class space mapped at: 0x0000021d23000000-0x0000021d63000000, reserved size: 1073741824
Narrow klass base: 0x0000021d22000000, Narrow klass shift: 0, Narrow klass range: 0x100000000

GC Precious Log:
 CardTable entry size: 512
 Card Set container configuration: InlinePtr #cards 4 size 8 Array Of Cards #cards 16 size 48 Howl #buckets 8 coarsen threshold 3686 Howl Bitmap #cards 512 size 80 coarsen threshold 460 Card regions per heap region 1 cards per card region 4096
 CPUs: 16 total, 16 available
 Memory: 15775M
 Large Page Support: Disabled
 NUMA Support: Disabled
 Compressed Oops: Enabled (Zero based)
 Heap Region Size: 2M
 Heap Min Capacity: 8M
 Heap Initial Capacity: 248M
 Heap Max Capacity: 3944M
 Pre-touch: Disabled
 Parallel Workers: 13
 Concurrent Workers: 3
 Concurrent Refinement Workers: 13
 Periodic GC: Disabled

Heap:
 garbage-first heap   total 253952K, used 27000K [0x0000000709800000, 0x0000000800000000)
  region size 2048K, 14 young (28672K), 2 survivors (4096K)
 Metaspace       used 15670K, committed 15808K, reserved 1114112K
  class space    used 1667K, committed 1728K, reserved 1048576K

Heap Regions: E=young(eden), S=young(survivor), O=old, HS=humongous(starts), HC=humongous(continues), CS=collection set, F=free, TAMS=top-at-mark-start, PB=parsable bottom
|   0|0x0000000709800000, 0x000000070985e2e0, 0x0000000709a00000| 18%| O|  |TAMS 0x0000000709800000| PB 0x0000000709800000| Untracked 
|   1|0x0000000709a00000, 0x0000000709a00000, 0x0000000709c00000|  0%| F|  |TAMS 0x0000000709a00000| PB 0x0000000709a00000| Untracked 
|   2|0x0000000709c00000, 0x0000000709c00000, 0x0000000709e00000|  0%| F|  |TAMS 0x0000000709c00000| PB 0x0000000709c00000| Untracked 
|   3|0x0000000709e00000, 0x0000000709e00000, 0x000000070a000000|  0%| F|  |TAMS 0x0000000709e00000| PB 0x0000000709e00000| Untracked 
|   4|0x000000070a000000, 0x000000070a000000, 0x000000070a200000|  0%| F|  |TAMS 0x000000070a000000| PB 0x000000070a000000| Untracked 
|   5|0x000000070a200000, 0x000000070a200000, 0x000000070a400000|  0%| F|  |TAMS 0x000000070a200000| PB 0x000000070a200000| Untracked 
|   6|0x000000070a400000, 0x000000070a400000, 0x000000070a600000|  0%| F|  |TAMS 0x000000070a400000| PB 0x000000070a400000| Untracked 
|   7|0x000000070a600000, 0x000000070a600000, 0x000000070a800000|  0%| F|  |TAMS 0x000000070a600000| PB 0x000000070a600000| Untracked 
|   8|0x000000070a800000, 0x000000070a800000, 0x000000070aa00000|  0%| F|  |TAMS 0x000000070a800000| PB 0x000000070a800000| Untracked 
|   9|0x000000070aa00000, 0x000000070aa00000, 0x000000070ac00000|  0%| F|  |TAMS 0x000000070aa00000| PB 0x000000070aa00000| Untracked 
|  10|0x000000070ac00000, 0x000000070ac00000, 0x000000070ae00000|  0%| F|  |TAMS 0x000000070ac00000| PB 0x000000070ac00000| Untracked 
|  11|0x000000070ae00000, 0x000000070ae00000, 0x000000070b000000|  0%| F|  |TAMS 0x000000070ae00000| PB 0x000000070ae00000| Untracked 
|  12|0x000000070b000000, 0x000000070b000000, 0x000000070b200000|  0%| F|  |TAMS 0x000000070b000000| PB 0x000000070b000000| Untracked 
|  13|0x000000070b200000, 0x000000070b200000, 0x000000070b400000|  0%| F|  |TAMS 0x000000070b200000| PB 0x000000070b200000| Untracked 
|  14|0x000000070b400000, 0x000000070b400000, 0x000000070b600000|  0%| F|  |TAMS 0x000000070b400000| PB 0x000000070b400000| Untracked 
|  15|0x000000070b600000, 0x000000070b600000, 0x000000070b800000|  0%| F|  |TAMS 0x000000070b600000| PB 0x000000070b600000| Untracked 
|  16|0x000000070b800000, 0x000000070b800000, 0x000000070ba00000|  0%| F|  |TAMS 0x000000070b800000| PB 0x000000070b800000| Untracked 
|  17|0x000000070ba00000, 0x000000070ba00000, 0x000000070bc00000|  0%| F|  |TAMS 0x000000070ba00000| PB 0x000000070ba00000| Untracked 
|  18|0x000000070bc00000, 0x000000070bc00000, 0x000000070be00000|  0%| F|  |TAMS 0x000000070bc00000| PB 0x000000070bc00000| Untracked 
|  19|0x000000070be00000, 0x000000070be00000, 0x000000070c000000|  0%| F|  |TAMS 0x000000070be00000| PB 0x000000070be00000| Untracked 
|  20|0x000000070c000000, 0x000000070c000000, 0x000000070c200000|  0%| F|  |TAMS 0x000000070c000000| PB 0x000000070c000000| Untracked 
|  21|0x000000070c200000, 0x000000070c200000, 0x000000070c400000|  0%| F|  |TAMS 0x000000070c200000| PB 0x000000070c200000| Untracked 
|  22|0x000000070c400000, 0x000000070c400000, 0x000000070c600000|  0%| F|  |TAMS 0x000000070c400000| PB 0x000000070c400000| Untracked 
|  23|0x000000070c600000, 0x000000070c600000, 0x000000070c800000|  0%| F|  |TAMS 0x000000070c600000| PB 0x000000070c600000| Untracked 
|  24|0x000000070c800000, 0x000000070c800000, 0x000000070ca00000|  0%| F|  |TAMS 0x000000070c800000| PB 0x000000070c800000| Untracked 
|  25|0x000000070ca00000, 0x000000070ca00000, 0x000000070cc00000|  0%| F|  |TAMS 0x000000070ca00000| PB 0x000000070ca00000| Untracked 
|  26|0x000000070cc00000, 0x000000070cc00000, 0x000000070ce00000|  0%| F|  |TAMS 0x000000070cc00000| PB 0x000000070cc00000| Untracked 
|  27|0x000000070ce00000, 0x000000070ce00000, 0x000000070d000000|  0%| F|  |TAMS 0x000000070ce00000| PB 0x000000070ce00000| Untracked 
|  28|0x000000070d000000, 0x000000070d000000, 0x000000070d200000|  0%| F|  |TAMS 0x000000070d000000| PB 0x000000070d000000| Untracked 
|  29|0x000000070d200000, 0x000000070d200000, 0x000000070d400000|  0%| F|  |TAMS 0x000000070d200000| PB 0x000000070d200000| Untracked 
|  30|0x000000070d400000, 0x000000070d400000, 0x000000070d600000|  0%| F|  |TAMS 0x000000070d400000| PB 0x000000070d400000| Untracked 
|  31|0x000000070d600000, 0x000000070d600000, 0x000000070d800000|  0%| F|  |TAMS 0x000000070d600000| PB 0x000000070d600000| Untracked 
|  32|0x000000070d800000, 0x000000070d800000, 0x000000070da00000|  0%| F|  |TAMS 0x000000070d800000| PB 0x000000070d800000| Untracked 
|  33|0x000000070da00000, 0x000000070da00000, 0x000000070dc00000|  0%| F|  |TAMS 0x000000070da00000| PB 0x000000070da00000| Untracked 
|  34|0x000000070dc00000, 0x000000070dc00000, 0x000000070de00000|  0%| F|  |TAMS 0x000000070dc00000| PB 0x000000070dc00000| Untracked 
|  35|0x000000070de00000, 0x000000070de00000, 0x000000070e000000|  0%| F|  |TAMS 0x000000070de00000| PB 0x000000070de00000| Untracked 
|  36|0x000000070e000000, 0x000000070e000000, 0x000000070e200000|  0%| F|  |TAMS 0x000000070e000000| PB 0x000000070e000000| Untracked 
|  37|0x000000070e200000, 0x000000070e200000, 0x000000070e400000|  0%| F|  |TAMS 0x000000070e200000| PB 0x000000070e200000| Untracked 
|  38|0x000000070e400000, 0x000000070e400000, 0x000000070e600000|  0%| F|  |TAMS 0x000000070e400000| PB 0x000000070e400000| Untracked 
|  39|0x000000070e600000, 0x000000070e600000, 0x000000070e800000|  0%| F|  |TAMS 0x000000070e600000| PB 0x000000070e600000| Untracked 
|  40|0x000000070e800000, 0x000000070e800000, 0x000000070ea00000|  0%| F|  |TAMS 0x000000070e800000| PB 0x000000070e800000| Untracked 
|  41|0x000000070ea00000, 0x000000070ea00000, 0x000000070ec00000|  0%| F|  |TAMS 0x000000070ea00000| PB 0x000000070ea00000| Untracked 
|  42|0x000000070ec00000, 0x000000070ec00000, 0x000000070ee00000|  0%| F|  |TAMS 0x000000070ec00000| PB 0x000000070ec00000| Untracked 
|  43|0x000000070ee00000, 0x000000070ee00000, 0x000000070f000000|  0%| F|  |TAMS 0x000000070ee00000| PB 0x000000070ee00000| Untracked 
|  44|0x000000070f000000, 0x000000070f000000, 0x000000070f200000|  0%| F|  |TAMS 0x000000070f000000| PB 0x000000070f000000| Untracked 
|  45|0x000000070f200000, 0x000000070f200000, 0x000000070f400000|  0%| F|  |TAMS 0x000000070f200000| PB 0x000000070f200000| Untracked 
|  46|0x000000070f400000, 0x000000070f400000, 0x000000070f600000|  0%| F|  |TAMS 0x000000070f400000| PB 0x000000070f400000| Untracked 
|  47|0x000000070f600000, 0x000000070f600000, 0x000000070f800000|  0%| F|  |TAMS 0x000000070f600000| PB 0x000000070f600000| Untracked 
|  48|0x000000070f800000, 0x000000070f800000, 0x000000070fa00000|  0%| F|  |TAMS 0x000000070f800000| PB 0x000000070f800000| Untracked 
|  49|0x000000070fa00000, 0x000000070fa00000, 0x000000070fc00000|  0%| F|  |TAMS 0x000000070fa00000| PB 0x000000070fa00000| Untracked 
|  50|0x000000070fc00000, 0x000000070fc00000, 0x000000070fe00000|  0%| F|  |TAMS 0x000000070fc00000| PB 0x000000070fc00000| Untracked 
|  51|0x000000070fe00000, 0x000000070fe00000, 0x0000000710000000|  0%| F|  |TAMS 0x000000070fe00000| PB 0x000000070fe00000| Untracked 
|  52|0x0000000710000000, 0x0000000710000000, 0x0000000710200000|  0%| F|  |TAMS 0x0000000710000000| PB 0x0000000710000000| Untracked 
|  53|0x0000000710200000, 0x0000000710200000, 0x0000000710400000|  0%| F|  |TAMS 0x0000000710200000| PB 0x0000000710200000| Untracked 
|  54|0x0000000710400000, 0x0000000710400000, 0x0000000710600000|  0%| F|  |TAMS 0x0000000710400000| PB 0x0000000710400000| Untracked 
|  55|0x0000000710600000, 0x0000000710600000, 0x0000000710800000|  0%| F|  |TAMS 0x0000000710600000| PB 0x0000000710600000| Untracked 
|  56|0x0000000710800000, 0x0000000710800000, 0x0000000710a00000|  0%| F|  |TAMS 0x0000000710800000| PB 0x0000000710800000| Untracked 
|  57|0x0000000710a00000, 0x0000000710a00000, 0x0000000710c00000|  0%| F|  |TAMS 0x0000000710a00000| PB 0x0000000710a00000| Untracked 
|  58|0x0000000710c00000, 0x0000000710c00000, 0x0000000710e00000|  0%| F|  |TAMS 0x0000000710c00000| PB 0x0000000710c00000| Untracked 
|  59|0x0000000710e00000, 0x0000000710e00000, 0x0000000711000000|  0%| F|  |TAMS 0x0000000710e00000| PB 0x0000000710e00000| Untracked 
|  60|0x0000000711000000, 0x0000000711000000, 0x0000000711200000|  0%| F|  |TAMS 0x0000000711000000| PB 0x0000000711000000| Untracked 
|  61|0x0000000711200000, 0x0000000711200000, 0x0000000711400000|  0%| F|  |TAMS 0x0000000711200000| PB 0x0000000711200000| Untracked 
|  62|0x0000000711400000, 0x0000000711400000, 0x0000000711600000|  0%| F|  |TAMS 0x0000000711400000| PB 0x0000000711400000| Untracked 
|  63|0x0000000711600000, 0x0000000711600000, 0x0000000711800000|  0%| F|  |TAMS 0x0000000711600000| PB 0x0000000711600000| Untracked 
|  64|0x0000000711800000, 0x0000000711800000, 0x0000000711a00000|  0%| F|  |TAMS 0x0000000711800000| PB 0x0000000711800000| Untracked 
|  65|0x0000000711a00000, 0x0000000711a00000, 0x0000000711c00000|  0%| F|  |TAMS 0x0000000711a00000| PB 0x0000000711a00000| Untracked 
|  66|0x0000000711c00000, 0x0000000711c00000, 0x0000000711e00000|  0%| F|  |TAMS 0x0000000711c00000| PB 0x0000000711c00000| Untracked 
|  67|0x0000000711e00000, 0x0000000711e00000, 0x0000000712000000|  0%| F|  |TAMS 0x0000000711e00000| PB 0x0000000711e00000| Untracked 
|  68|0x0000000712000000, 0x0000000712000000, 0x0000000712200000|  0%| F|  |TAMS 0x0000000712000000| PB 0x0000000712000000| Untracked 
|  69|0x0000000712200000, 0x0000000712200000, 0x0000000712400000|  0%| F|  |TAMS 0x0000000712200000| PB 0x0000000712200000| Untracked 
|  70|0x0000000712400000, 0x0000000712400000, 0x0000000712600000|  0%| F|  |TAMS 0x0000000712400000| PB 0x0000000712400000| Untracked 
|  71|0x0000000712600000, 0x0000000712600000, 0x0000000712800000|  0%| F|  |TAMS 0x0000000712600000| PB 0x0000000712600000| Untracked 
|  72|0x0000000712800000, 0x0000000712800000, 0x0000000712a00000|  0%| F|  |TAMS 0x0000000712800000| PB 0x0000000712800000| Untracked 
|  73|0x0000000712a00000, 0x0000000712a00000, 0x0000000712c00000|  0%| F|  |TAMS 0x0000000712a00000| PB 0x0000000712a00000| Untracked 
|  74|0x0000000712c00000, 0x0000000712c00000, 0x0000000712e00000|  0%| F|  |TAMS 0x0000000712c00000| PB 0x0000000712c00000| Untracked 
|  75|0x0000000712e00000, 0x0000000712e00000, 0x0000000713000000|  0%| F|  |TAMS 0x0000000712e00000| PB 0x0000000712e00000| Untracked 
|  76|0x0000000713000000, 0x0000000713000000, 0x0000000713200000|  0%| F|  |TAMS 0x0000000713000000| PB 0x0000000713000000| Untracked 
|  77|0x0000000713200000, 0x0000000713200000, 0x0000000713400000|  0%| F|  |TAMS 0x0000000713200000| PB 0x0000000713200000| Untracked 
|  78|0x0000000713400000, 0x0000000713400000, 0x0000000713600000|  0%| F|  |TAMS 0x0000000713400000| PB 0x0000000713400000| Untracked 
|  79|0x0000000713600000, 0x0000000713600000, 0x0000000713800000|  0%| F|  |TAMS 0x0000000713600000| PB 0x0000000713600000| Untracked 
|  80|0x0000000713800000, 0x0000000713800000, 0x0000000713a00000|  0%| F|  |TAMS 0x0000000713800000| PB 0x0000000713800000| Untracked 
|  81|0x0000000713a00000, 0x0000000713a00000, 0x0000000713c00000|  0%| F|  |TAMS 0x0000000713a00000| PB 0x0000000713a00000| Untracked 
|  82|0x0000000713c00000, 0x0000000713c00000, 0x0000000713e00000|  0%| F|  |TAMS 0x0000000713c00000| PB 0x0000000713c00000| Untracked 
|  83|0x0000000713e00000, 0x0000000713e00000, 0x0000000714000000|  0%| F|  |TAMS 0x0000000713e00000| PB 0x0000000713e00000| Untracked 
|  84|0x0000000714000000, 0x0000000714000000, 0x0000000714200000|  0%| F|  |TAMS 0x0000000714000000| PB 0x0000000714000000| Untracked 
|  85|0x0000000714200000, 0x0000000714200000, 0x0000000714400000|  0%| F|  |TAMS 0x0000000714200000| PB 0x0000000714200000| Untracked 
|  86|0x0000000714400000, 0x0000000714400000, 0x0000000714600000|  0%| F|  |TAMS 0x0000000714400000| PB 0x0000000714400000| Untracked 
|  87|0x0000000714600000, 0x0000000714600000, 0x0000000714800000|  0%| F|  |TAMS 0x0000000714600000| PB 0x0000000714600000| Untracked 
|  88|0x0000000714800000, 0x0000000714800000, 0x0000000714a00000|  0%| F|  |TAMS 0x0000000714800000| PB 0x0000000714800000| Untracked 
|  89|0x0000000714a00000, 0x0000000714a00000, 0x0000000714c00000|  0%| F|  |TAMS 0x0000000714a00000| PB 0x0000000714a00000| Untracked 
|  90|0x0000000714c00000, 0x0000000714c00000, 0x0000000714e00000|  0%| F|  |TAMS 0x0000000714c00000| PB 0x0000000714c00000| Untracked 
|  91|0x0000000714e00000, 0x0000000714e00000, 0x0000000715000000|  0%| F|  |TAMS 0x0000000714e00000| PB 0x0000000714e00000| Untracked 
|  92|0x0000000715000000, 0x0000000715000000, 0x0000000715200000|  0%| F|  |TAMS 0x0000000715000000| PB 0x0000000715000000| Untracked 
|  93|0x0000000715200000, 0x0000000715200000, 0x0000000715400000|  0%| F|  |TAMS 0x0000000715200000| PB 0x0000000715200000| Untracked 
|  94|0x0000000715400000, 0x0000000715400000, 0x0000000715600000|  0%| F|  |TAMS 0x0000000715400000| PB 0x0000000715400000| Untracked 
|  95|0x0000000715600000, 0x0000000715600000, 0x0000000715800000|  0%| F|  |TAMS 0x0000000715600000| PB 0x0000000715600000| Untracked 
|  96|0x0000000715800000, 0x0000000715800000, 0x0000000715a00000|  0%| F|  |TAMS 0x0000000715800000| PB 0x0000000715800000| Untracked 
|  97|0x0000000715a00000, 0x0000000715a00000, 0x0000000715c00000|  0%| F|  |TAMS 0x0000000715a00000| PB 0x0000000715a00000| Untracked 
|  98|0x0000000715c00000, 0x0000000715c00000, 0x0000000715e00000|  0%| F|  |TAMS 0x0000000715c00000| PB 0x0000000715c00000| Untracked 
|  99|0x0000000715e00000, 0x0000000715e00000, 0x0000000716000000|  0%| F|  |TAMS 0x0000000715e00000| PB 0x0000000715e00000| Untracked 
| 100|0x0000000716000000, 0x0000000716000000, 0x0000000716200000|  0%| F|  |TAMS 0x0000000716000000| PB 0x0000000716000000| Untracked 
| 101|0x0000000716200000, 0x0000000716200000, 0x0000000716400000|  0%| F|  |TAMS 0x0000000716200000| PB 0x0000000716200000| Untracked 
| 102|0x0000000716400000, 0x0000000716400000, 0x0000000716600000|  0%| F|  |TAMS 0x0000000716400000| PB 0x0000000716400000| Untracked 
| 103|0x0000000716600000, 0x0000000716600000, 0x0000000716800000|  0%| F|  |TAMS 0x0000000716600000| PB 0x0000000716600000| Untracked 
| 104|0x0000000716800000, 0x0000000716800000, 0x0000000716a00000|  0%| F|  |TAMS 0x0000000716800000| PB 0x0000000716800000| Untracked 
| 105|0x0000000716a00000, 0x0000000716a00000, 0x0000000716c00000|  0%| F|  |TAMS 0x0000000716a00000| PB 0x0000000716a00000| Untracked 
| 106|0x0000000716c00000, 0x0000000716c00000, 0x0000000716e00000|  0%| F|  |TAMS 0x0000000716c00000| PB 0x0000000716c00000| Untracked 
| 107|0x0000000716e00000, 0x0000000716e00000, 0x0000000717000000|  0%| F|  |TAMS 0x0000000716e00000| PB 0x0000000716e00000| Untracked 
| 108|0x0000000717000000, 0x0000000717000000, 0x0000000717200000|  0%| F|  |TAMS 0x0000000717000000| PB 0x0000000717000000| Untracked 
| 109|0x0000000717200000, 0x0000000717200000, 0x0000000717400000|  0%| F|  |TAMS 0x0000000717200000| PB 0x0000000717200000| Untracked 
| 110|0x0000000717400000, 0x00000007174e6f28, 0x0000000717600000| 45%| E|  |TAMS 0x0000000717400000| PB 0x0000000717400000| Complete 
| 111|0x0000000717600000, 0x0000000717800000, 0x0000000717800000|100%| S|CS|TAMS 0x0000000717600000| PB 0x0000000717600000| Complete 
| 112|0x0000000717800000, 0x0000000717a00000, 0x0000000717a00000|100%| S|CS|TAMS 0x0000000717800000| PB 0x0000000717800000| Complete 
| 113|0x0000000717a00000, 0x0000000717c00000, 0x0000000717c00000|100%| E|CS|TAMS 0x0000000717a00000| PB 0x0000000717a00000| Complete 
| 114|0x0000000717c00000, 0x0000000717e00000, 0x0000000717e00000|100%| E|CS|TAMS 0x0000000717c00000| PB 0x0000000717c00000| Complete 
| 115|0x0000000717e00000, 0x0000000718000000, 0x0000000718000000|100%| E|CS|TAMS 0x0000000717e00000| PB 0x0000000717e00000| Complete 
| 116|0x0000000718000000, 0x0000000718200000, 0x0000000718200000|100%| E|CS|TAMS 0x0000000718000000| PB 0x0000000718000000| Complete 
| 117|0x0000000718200000, 0x0000000718400000, 0x0000000718400000|100%| E|CS|TAMS 0x0000000718200000| PB 0x0000000718200000| Complete 
| 118|0x0000000718400000, 0x0000000718600000, 0x0000000718600000|100%| E|CS|TAMS 0x0000000718400000| PB 0x0000000718400000| Complete 
| 119|0x0000000718600000, 0x0000000718800000, 0x0000000718800000|100%| E|CS|TAMS 0x0000000718600000| PB 0x0000000718600000| Complete 
| 120|0x0000000718800000, 0x0000000718a00000, 0x0000000718a00000|100%| E|CS|TAMS 0x0000000718800000| PB 0x0000000718800000| Complete 
| 121|0x0000000718a00000, 0x0000000718c00000, 0x0000000718c00000|100%| E|CS|TAMS 0x0000000718a00000| PB 0x0000000718a00000| Complete 
| 122|0x0000000718c00000, 0x0000000718e00000, 0x0000000718e00000|100%| E|CS|TAMS 0x0000000718c00000| PB 0x0000000718c00000| Complete 
| 123|0x0000000718e00000, 0x0000000719000000, 0x0000000719000000|100%| E|CS|TAMS 0x0000000718e00000| PB 0x0000000718e00000| Complete 

Card table byte_map: [0x0000021d1a260000,0x0000021d1aa20000] _byte_map_base: 0x0000021d16a14000

Marking Bits: (CMBitMap*) 0x0000021d01e3e920
 Bits: [0x0000021d1aa20000, 0x0000021d1e7c0000)

Polling page: 0x0000021d015a0000

Metaspace:

Usage:
  Non-class:     13.67 MB used.
      Class:      1.63 MB used.
       Both:     15.30 MB used.

Virtual space:
  Non-class space:       64.00 MB reserved,      13.75 MB ( 21%) committed,  1 nodes.
      Class space:        1.00 GB reserved,       1.69 MB ( <1%) committed,  1 nodes.
             Both:        1.06 GB reserved,      15.44 MB (  1%) committed. 

Chunk freelists:
   Non-Class:  2.11 MB
       Class:  14.13 MB
        Both:  16.24 MB

MaxMetaspaceSize: unlimited
CompressedClassSpaceSize: 1.00 GB
Initial GC threshold: 21.00 MB
Current GC threshold: 21.00 MB
CDS: on
 - commit_granule_bytes: 65536.
 - commit_granule_words: 8192.
 - virtual_space_node_default_size: 8388608.
 - enlarge_chunks_in_place: 1.
 - use_allocation_guard: 0.


Internal statistics:

num_allocs_failed_limit: 0.
num_arena_births: 64.
num_arena_deaths: 0.
num_vsnodes_births: 2.
num_vsnodes_deaths: 0.
num_space_committed: 247.
num_space_uncommitted: 0.
num_chunks_returned_to_freelist: 0.
num_chunks_taken_from_freelist: 336.
num_chunk_merges: 0.
num_chunk_splits: 254.
num_chunks_enlarged: 222.
num_inconsistent_stats: 0.

CodeHeap 'non-profiled nmethods': size=119168Kb used=824Kb max_used=824Kb free=118343Kb
 bounds [0x0000021d11dc0000, 0x0000021d12030000, 0x0000021d19220000]
CodeHeap 'profiled nmethods': size=119104Kb used=4021Kb max_used=4021Kb free=115082Kb
 bounds [0x0000021d0a220000, 0x0000021d0a610000, 0x0000021d11670000]
CodeHeap 'non-nmethods': size=7488Kb used=3176Kb max_used=3191Kb free=4311Kb
 bounds [0x0000021d11670000, 0x0000021d119a0000, 0x0000021d11dc0000]
 total_blobs=2639 nmethods=2074 adapters=466
 compilation: enabled
              stopped_count=0, restarted_count=0
 full_count=0

Compilation events (20 events):
Event: 52.075 Thread 0x0000021d218250b0 nmethod 2031 0x0000021d0a5fd510 code [0x0000021d0a5fd6c0, 0x0000021d0a5fd930]
Event: 52.076 Thread 0x0000021d21825e50 nmethod 2030 0x0000021d0a5fda90 code [0x0000021d0a5fdc80, 0x0000021d0a5fe1f8]
Event: 52.076 Thread 0x0000021d218250b0 2038       3       java.util.concurrent.ConcurrentLinkedQueue::poll (84 bytes)
Event: 52.076 Thread 0x0000021d21825e50 2040       3       java.util.LinkedList::linkLast (59 bytes)
Event: 52.076 Thread 0x0000021d21825e50 nmethod 2040 0x0000021d0a5fe390 code [0x0000021d0a5fe560, 0x0000021d0a5fe9f0]
Event: 52.076 Thread 0x0000021d21825e50 2041       3       java.util.LinkedHashMap$LinkedEntryIterator::next (5 bytes)
Event: 52.076 Thread 0x0000021d21822a80 2048       4       jdk.internal.misc.Unsafe::putLongRelease (9 bytes)
Event: 52.076 Thread 0x0000021d21825e50 nmethod 2041 0x0000021d0a5feb90 code [0x0000021d0a5fed40, 0x0000021d0a5feed8]
Event: 52.076 Thread 0x0000021d21825e50 2042       3       java.util.LinkedHashMap$LinkedEntryIterator::next (5 bytes)
Event: 52.076 Thread 0x0000021d21825e50 nmethod 2042 0x0000021d0a5fef90 code [0x0000021d0a5ff140, 0x0000021d0a5ff280]
Event: 52.076 Thread 0x0000021d21825e50 2032       1       java.lang.reflect.Method::getAnnotationBytes (5 bytes)
Event: 52.076 Thread 0x0000021d21825e50 nmethod 2032 0x0000021d11e8b710 code [0x0000021d11e8b8a0, 0x0000021d11e8b970]
Event: 52.076 Thread 0x0000021d21825e50 2043       3       java.util.LinkedHashMap::values (5 bytes)
Event: 52.076 Thread 0x0000021d21825e50 nmethod 2043 0x0000021d0a5ff310 code [0x0000021d0a5ff4c0, 0x0000021d0a5ff618]
Event: 52.076 Thread 0x0000021d21822a80 nmethod 2048 0x0000021d11e8ba10 code [0x0000021d11e8bba0, 0x0000021d11e8bc38]
Event: 52.076 Thread 0x0000021d21825e50 2044       1       com.fasterxml.jackson.databind.introspect.AnnotatedMember::getAllAnnotations (5 bytes)
Event: 52.076 Thread 0x0000021d21825e50 nmethod 2044 0x0000021d11e8bd10 code [0x0000021d11e8bea0, 0x0000021d11e8bf70]
Event: 52.076 Thread 0x0000021d21825e50 2037       3       java.util.concurrent.atomic.AtomicReference::lazySet (9 bytes)
Event: 52.076 Thread 0x0000021d21825e50 nmethod 2037 0x0000021d0a5ff710 code [0x0000021d0a5ff980, 0x0000021d0a600350]
Event: 52.076 Thread 0x0000021d21825e50 2054       3       java.lang.Class::getComponentType (14 bytes)

GC Heap History (2 events):
Event: 0.511 GC heap before
{Heap before GC invocations=0 (full 0):
 garbage-first heap   total 253952K, used 22528K [0x0000000709800000, 0x0000000800000000)
  region size 2048K, 11 young (22528K), 0 survivors (0K)
 Metaspace       used 5216K, committed 5376K, reserved 1114112K
  class space    used 481K, committed 576K, reserved 1048576K
}
Event: 0.515 GC heap after
{Heap after GC invocations=1 (full 0):
 garbage-first heap   total 253952K, used 4472K [0x0000000709800000, 0x0000000800000000)
  region size 2048K, 2 young (4096K), 2 survivors (4096K)
 Metaspace       used 5216K, committed 5376K, reserved 1114112K
  class space    used 481K, committed 576K, reserved 1048576K
}

Dll operation events (12 events):
Event: 0.009 Loaded shared library C:\Users\User\.jdks\openjdk-21.0.1\bin\java.dll
Event: 0.034 Loaded shared library C:\Users\User\.jdks\openjdk-21.0.1\bin\jsvml.dll
Event: 0.087 Loaded shared library C:\Users\User\.jdks\openjdk-21.0.1\bin\zip.dll
Event: 0.091 Loaded shared library C:\Users\User\.jdks\openjdk-21.0.1\bin\instrument.dll
Event: 0.097 Loaded shared library C:\Users\User\.jdks\openjdk-21.0.1\bin\net.dll
Event: 0.099 Loaded shared library C:\Users\User\.jdks\openjdk-21.0.1\bin\nio.dll
Event: 0.102 Loaded shared library C:\Users\User\.jdks\openjdk-21.0.1\bin\zip.dll
Event: 0.194 Loaded shared library D:\IntelliJ IDEA 2023.1.4\bin\breakgen64.dll
Event: 0.202 Loaded shared library C:\Users\User\.jdks\openjdk-21.0.1\bin\extnet.dll
Event: 0.240 Loaded shared library C:\Users\User\.jdks\openjdk-21.0.1\bin\jimage.dll
Event: 0.522 Loaded shared library C:\Users\User\.jdks\openjdk-21.0.1\bin\verify.dll
Event: 0.589 Loaded shared library C:\Users\User\.jdks\openjdk-21.0.1\bin\sunmscapi.dll

Deoptimization events (20 events):
Event: 1.573 Thread 0x0000021d7faa49a0 Uncommon trap: trap_request=0xffffff45 fr.pc=0x0000021d11e2ccec relative=0x00000000000002ac
Event: 1.573 Thread 0x0000021d7faa49a0 Uncommon trap: reason=unstable_if action=reinterpret pc=0x0000021d11e2ccec method=java.util.concurrent.ConcurrentHashMap.get(Ljava/lang/Object;)Ljava/lang/Object; @ 76 c2
Event: 1.573 Thread 0x0000021d7faa49a0 DEOPT PACKING pc=0x0000021d11e2ccec sp=0x000000b70ecfeea0
Event: 1.573 Thread 0x0000021d7faa49a0 DEOPT UNPACKING pc=0x0000021d116c46a2 sp=0x000000b70ecfee18 mode 2
Event: 1.946 Thread 0x0000021d67782800 DEOPT PACKING pc=0x0000021d0a571603 sp=0x000000b7105fe190
Event: 1.946 Thread 0x0000021d67782800 DEOPT UNPACKING pc=0x0000021d116c4e42 sp=0x000000b7105fd5c0 mode 0
Event: 1.946 Thread 0x0000021d67782800 DEOPT PACKING pc=0x0000021d0a571603 sp=0x000000b7105fe190
Event: 1.946 Thread 0x0000021d67782800 DEOPT UNPACKING pc=0x0000021d116c4e42 sp=0x000000b7105fd5c0 mode 0
Event: 1.946 Thread 0x0000021d67782800 Uncommon trap: trap_request=0xffffffc6 fr.pc=0x0000021d11e23e10 relative=0x0000000000000310
Event: 1.946 Thread 0x0000021d67782800 Uncommon trap: reason=bimorphic_or_optimized_type_check action=maybe_recompile pc=0x0000021d11e23e10 method=java.util.HashMap.getNode(Ljava/lang/Object;)Ljava/util/HashMap$Node; @ 128 c2
Event: 1.946 Thread 0x0000021d67782800 DEOPT PACKING pc=0x0000021d11e23e10 sp=0x000000b7105fe380
Event: 1.946 Thread 0x0000021d67782800 DEOPT UNPACKING pc=0x0000021d116c46a2 sp=0x000000b7105fe2f8 mode 2
Event: 1.946 Thread 0x0000021d67782800 Uncommon trap: trap_request=0xffffffc6 fr.pc=0x0000021d11e23e10 relative=0x0000000000000310
Event: 1.946 Thread 0x0000021d67782800 Uncommon trap: reason=bimorphic_or_optimized_type_check action=maybe_recompile pc=0x0000021d11e23e10 method=java.util.HashMap.getNode(Ljava/lang/Object;)Ljava/util/HashMap$Node; @ 128 c2
Event: 1.946 Thread 0x0000021d67782800 DEOPT PACKING pc=0x0000021d11e23e10 sp=0x000000b7105fe380
Event: 1.946 Thread 0x0000021d67782800 DEOPT UNPACKING pc=0x0000021d116c46a2 sp=0x000000b7105fe2f8 mode 2
Event: 1.950 Thread 0x0000021d67782800 DEOPT PACKING pc=0x0000021d0a571603 sp=0x000000b7105fe330
Event: 1.950 Thread 0x0000021d67782800 DEOPT UNPACKING pc=0x0000021d116c4e42 sp=0x000000b7105fd760 mode 0
Event: 52.060 Thread 0x0000021d67782800 DEOPT PACKING pc=0x0000021d0a5715d0 sp=0x000000b7105fe0b0
Event: 52.060 Thread 0x0000021d67782800 DEOPT UNPACKING pc=0x0000021d116c4e42 sp=0x000000b7105fd4e0 mode 0

Classes loaded (20 events):
Event: 1.598 Loading class java/util/concurrent/ConcurrentLinkedDeque$Node
Event: 1.598 Loading class java/util/concurrent/ConcurrentLinkedDeque$Node done
Event: 1.599 Loading class java/lang/Thread$ThreadNumbering
Event: 1.599 Loading class java/lang/Thread$ThreadNumbering done
Event: 1.601 Loading class java/util/concurrent/ConcurrentLinkedDeque$Itr
Event: 1.601 Loading class java/util/concurrent/ConcurrentLinkedDeque$AbstractItr
Event: 1.602 Loading class java/util/concurrent/ConcurrentLinkedDeque$AbstractItr done
Event: 1.602 Loading class java/util/concurrent/ConcurrentLinkedDeque$Itr done
Event: 1.604 Loading class sun/reflect/generics/scope/ConstructorScope
Event: 1.604 Loading class sun/reflect/generics/scope/ConstructorScope done
Event: 1.604 Loading class sun/reflect/generics/repository/ConstructorRepository
Event: 1.604 Loading class sun/reflect/generics/repository/ConstructorRepository done
Event: 1.604 Loading class sun/reflect/generics/tree/VoidDescriptor
Event: 1.604 Loading class sun/reflect/generics/tree/VoidDescriptor done
Event: 1.604 Loading class sun/reflect/generics/tree/MethodTypeSignature
Event: 1.604 Loading class sun/reflect/generics/tree/MethodTypeSignature done
Event: 1.605 Loading class sun/reflect/generics/scope/MethodScope
Event: 1.605 Loading class sun/reflect/generics/scope/MethodScope done
Event: 1.605 Loading class sun/reflect/generics/repository/MethodRepository
Event: 1.605 Loading class sun/reflect/generics/repository/MethodRepository done

Classes unloaded (0 events):
No events

Classes redefined (0 events):
No events

Internal exceptions (12 events):
Event: 0.139 Thread 0x0000021d7faa49a0 Exception <a 'java/lang/NoSuchMethodError'{0x0000000718b620a8}: 'void java.lang.invoke.DirectMethodHandle$Holder.invokeStatic(java.lang.Object, java.lang.Object, java.lang.Object)'> (0x0000000718b620a8) 
thrown [s\open\src\hotspot\share\interpreter\linkResolver.cpp, line 773]
Event: 0.143 Thread 0x0000021d7faa49a0 Exception <a 'java/lang/NoSuchMethodError'{0x0000000718b795b0}: 'java.lang.Object java.lang.invoke.Invokers$Holder.invokeExact_MT(java.lang.Object, java.lang.Object, java.lang.Object, java.lang.Object, java.lang.Object)'> (0x0000000718b795b0) 
thrown [s\open\src\hotspot\share\interpreter\linkResolver.cpp, line 773]
Event: 0.203 Thread 0x0000021d21aea6b0 Exception <a 'java/lang/NoSuchMethodError'{0x0000000718808790}: 'void java.lang.invoke.DirectMethodHandle$Holder.invokeStatic(java.lang.Object, java.lang.Object)'> (0x0000000718808790) 
thrown [s\open\src\hotspot\share\interpreter\linkResolver.cpp, line 773]
Event: 0.532 Thread 0x0000021d7faa49a0 Exception <a 'java/lang/NoClassDefFoundError'{0x0000000718ea5ac0}: org/apache/log4j/Priority> (0x0000000718ea5ac0) 
thrown [s\open\src\hotspot\share\classfile\systemDictionary.cpp, line 301]
Event: 0.618 Thread 0x0000021d7faa49a0 Exception <a 'sun/nio/fs/WindowsException'{0x0000000718cbfa50}> (0x0000000718cbfa50) 
thrown [s\open\src\hotspot\share\prims\jni.cpp, line 520]
Event: 0.693 Thread 0x0000021d7faa49a0 Exception <a 'java/lang/NoSuchMethodError'{0x0000000718a946e0}: 'void java.lang.invoke.DirectMethodHandle$Holder.invokeVirtual(java.lang.Object, java.lang.Object)'> (0x0000000718a946e0) 
thrown [s\open\src\hotspot\share\interpreter\linkResolver.cpp, line 773]
Event: 0.734 Thread 0x0000021d7faa49a0 Exception <a 'java/lang/NoSuchMethodError'{0x000000071862f018}: 'java.lang.Object java.lang.invoke.DirectMethodHandle$Holder.invokeStaticInit(java.lang.Object, int, int, int, int)'> (0x000000071862f018) 
thrown [s\open\src\hotspot\share\interpreter\linkResolver.cpp, line 773]
Event: 0.748 Thread 0x0000021d7faa49a0 Exception <a 'java/lang/NoSuchMethodError'{0x0000000718659250}: 'java.lang.Object java.lang.invoke.DirectMethodHandle$Holder.invokeStaticInit(java.lang.Object, java.lang.Object, int, int, int, int)'> (0x0000000718659250) 
thrown [s\open\src\hotspot\share\interpreter\linkResolver.cpp, line 773]
Event: 0.807 Thread 0x0000021d7faa49a0 Exception <a 'java/lang/NoSuchMethodError'{0x00000007184fb718}: 'void java.lang.invoke.DirectMethodHandle$Holder.invokeSpecial(java.lang.Object, java.lang.Object, java.lang.Object, java.lang.Object, java.lang.Object)'> (0x00000007184fb718) 
thrown [s\open\src\hotspot\share\interpreter\linkResolver.cpp, line 773]
Event: 0.825 Thread 0x0000021d7faa49a0 Exception <a 'java/lang/NoSuchMethodError'{0x0000000718587fb0}: 'java.lang.Object java.lang.invoke.DirectMethodHandle$Holder.newInvokeSpecial(java.lang.Object, java.lang.Object, java.lang.Object, java.lang.Object, java.lang.Object)'> (0x0000000718587fb0) 
thrown [s\open\src\hotspot\share\interpreter\linkResolver.cpp, line 773]
Event: 1.477 Thread 0x0000021d21813f80 Exception <a 'java/lang/NoSuchMethodError'{0x0000000717c10908}: 'java.lang.Object java.lang.invoke.Invokers$Holder.invokeExact_MT(java.lang.Object, java.lang.Object, java.lang.Object, java.lang.Object, java.lang.Object, java.lang.Object)'> (0x0000000717c10908) 
thrown [s\open\src\hotspot\share\interpreter\linkResolver.cpp, line 773]
Event: 1.597 Thread 0x0000021d7faa49a0 Exception <a 'java/lang/NoSuchMethodError'{0x0000000717df5970}: 'void java.lang.invoke.Invokers$Holder.invokeExact_MT(java.lang.Object, java.lang.Object, java.lang.Object, java.lang.Object)'> (0x0000000717df5970) 
thrown [s\open\src\hotspot\share\interpreter\linkResolver.cpp, line 773]

ZGC Phase Switch (0 events):
No events

VM Operations (20 events):
Event: 0.643 Executing VM operation: HandshakeAllThreads (Deoptimize)
Event: 0.643 Executing VM operation: HandshakeAllThreads (Deoptimize) done
Event: 0.688 Executing VM operation: HandshakeAllThreads (Deoptimize)
Event: 0.688 Executing VM operation: HandshakeAllThreads (Deoptimize) done
Event: 0.751 Executing VM operation: HandshakeAllThreads (Deoptimize)
Event: 0.751 Executing VM operation: HandshakeAllThreads (Deoptimize) done
Event: 0.786 Executing VM operation: HandshakeAllThreads (Deoptimize)
Event: 0.786 Executing VM operation: HandshakeAllThreads (Deoptimize) done
Event: 0.786 Executing VM operation: HandshakeAllThreads (Deoptimize)
Event: 0.786 Executing VM operation: HandshakeAllThreads (Deoptimize) done
Event: 0.837 Executing VM operation: HandshakeAllThreads (Deoptimize)
Event: 0.837 Executing VM operation: HandshakeAllThreads (Deoptimize) done
Event: 1.173 Executing VM operation: HandshakeAllThreads (Deoptimize)
Event: 1.173 Executing VM operation: HandshakeAllThreads (Deoptimize) done
Event: 1.368 Executing VM operation: ICBufferFull
Event: 1.368 Executing VM operation: ICBufferFull done
Event: 1.599 Executing VM operation: HandshakeAllThreads (Deoptimize)
Event: 1.599 Executing VM operation: HandshakeAllThreads (Deoptimize) done
Event: 2.609 Executing VM operation: Cleanup
Event: 2.610 Executing VM operation: Cleanup done

Events (20 events):
Event: 1.000 Thread 0x0000021d218250b0 Thread exited: 0x0000021d218250b0
Event: 1.000 Thread 0x0000021d218249e0 Thread exited: 0x0000021d218249e0
Event: 1.149 Thread 0x0000021d21823570 Thread exited: 0x0000021d21823570
Event: 1.149 Thread 0x0000021d21823c40 Thread exited: 0x0000021d21823c40
Event: 1.168 Thread 0x0000021d218249e0 Thread added: 0x0000021d218249e0
Event: 1.210 Thread 0x0000021d218250b0 Thread added: 0x0000021d218250b0
Event: 1.211 Thread 0x0000021d21823570 Thread added: 0x0000021d21823570
Event: 1.214 Thread 0x0000021d21825780 Thread added: 0x0000021d21825780
Event: 1.351 Thread 0x0000021d21825780 Thread exited: 0x0000021d21825780
Event: 1.354 Thread 0x0000021d21823570 Thread exited: 0x0000021d21823570
Event: 1.601 Thread 0x0000021d67782800 Thread added: 0x0000021d67782800
Event: 1.601 Thread 0x0000021d67d760f0 Thread added: 0x0000021d67d760f0
Event: 1.601 Thread 0x0000021d7faa49a0 Thread exited: 0x0000021d7faa49a0
Event: 1.601 Thread 0x0000021d7faa49a0 Thread added: 0x0000021d7faa49a0
Event: 1.721 Thread 0x0000021d218250b0 Thread exited: 0x0000021d218250b0
Event: 1.944 Thread 0x0000021d218249e0 Thread exited: 0x0000021d218249e0
Event: 7.143 Thread 0x0000021d21824310 Thread exited: 0x0000021d21824310
Event: 12.145 Thread 0x0000021d21826520 Thread exited: 0x0000021d21826520
Event: 12.145 Thread 0x0000021d21826bf0 Thread exited: 0x0000021d21826bf0
Event: 52.075 Thread 0x0000021d218250b0 Thread added: 0x0000021d218250b0


Dynamic libraries:
0x00007ff6ac680000 - 0x00007ff6ac68e000 	C:\Users\User\.jdks\openjdk-21.0.1\bin\java.exe
0x00007ff803db0000 - 0x00007ff803fc7000 	C:\WINDOWS\SYSTEM32\ntdll.dll
0x00007ff803120000 - 0x00007ff8031e4000 	C:\WINDOWS\System32\KERNEL32.DLL
0x00007ff801510000 - 0x00007ff8018b5000 	C:\WINDOWS\System32\KERNELBASE.dll
0x00007ff8019e0000 - 0x00007ff801af1000 	C:\WINDOWS\System32\ucrtbase.dll
0x00007fffd19a0000 - 0x00007fffd19b8000 	C:\Users\User\.jdks\openjdk-21.0.1\bin\jli.dll
0x00007fffd19c0000 - 0x00007fffd19db000 	C:\Users\User\.jdks\openjdk-21.0.1\bin\VCRUNTIME140.dll
0x00007ff801b00000 - 0x00007ff801cae000 	C:\WINDOWS\System32\USER32.dll
0x00007ff801190000 - 0x00007ff8011b6000 	C:\WINDOWS\System32\win32u.dll
0x00007fffee870000 - 0x00007fffeeb03000 	C:\WINDOWS\WinSxS\amd64_microsoft.windows.common-controls_6595b64144ccf1df_6.0.22621.2506_none_270c5ae97388e100\COMCTL32.dll
0x00007ff802d30000 - 0x00007ff802d59000 	C:\WINDOWS\System32\GDI32.dll
0x00007ff802c80000 - 0x00007ff802d27000 	C:\WINDOWS\System32\msvcrt.dll
0x00007ff801280000 - 0x00007ff801399000 	C:\WINDOWS\System32\gdi32full.dll
0x00007ff8018c0000 - 0x00007ff80195a000 	C:\WINDOWS\System32\msvcp_win.dll
0x00007ff8033d0000 - 0x00007ff803401000 	C:\WINDOWS\System32\IMM32.DLL
0x00007fffd1990000 - 0x00007fffd199c000 	C:\Users\User\.jdks\openjdk-21.0.1\bin\vcruntime140_1.dll
0x00007fffd0d00000 - 0x00007fffd0d8e000 	C:\Users\User\.jdks\openjdk-21.0.1\bin\msvcp140.dll
0x00007fff7a310000 - 0x00007fff7b025000 	C:\Users\User\.jdks\openjdk-21.0.1\bin\server\jvm.dll
0x00007ff8031f0000 - 0x00007ff8032a1000 	C:\WINDOWS\System32\ADVAPI32.dll
0x00007ff802bd0000 - 0x00007ff802c76000 	C:\WINDOWS\System32\sechost.dll
0x00007ff8025b0000 - 0x00007ff8026c7000 	C:\WINDOWS\System32\RPCRT4.dll
0x00007ff803040000 - 0x00007ff8030b1000 	C:\WINDOWS\System32\WS2_32.dll
0x00007ffffff60000 - 0x00007ffffffad000 	C:\WINDOWS\SYSTEM32\POWRPROF.dll
0x00007ffff8080000 - 0x00007ffff80b4000 	C:\WINDOWS\SYSTEM32\WINMM.dll
0x00007ffff7c10000 - 0x00007ffff7c1a000 	C:\WINDOWS\SYSTEM32\VERSION.dll
0x00007ffffff40000 - 0x00007ffffff53000 	C:\WINDOWS\SYSTEM32\UMPDC.dll
0x00007ff800210000 - 0x00007ff800228000 	C:\WINDOWS\SYSTEM32\kernel.appcore.dll
0x00007fffd1980000 - 0x00007fffd198a000 	C:\Users\User\.jdks\openjdk-21.0.1\bin\jimage.dll
0x00007ffffe880000 - 0x00007ffffeab3000 	C:\WINDOWS\SYSTEM32\DBGHELP.DLL
0x00007ff802220000 - 0x00007ff8025a9000 	C:\WINDOWS\System32\combase.dll
0x00007ff801cc0000 - 0x00007ff801d97000 	C:\WINDOWS\System32\OLEAUT32.dll
0x00007ffff7890000 - 0x00007ffff78c2000 	C:\WINDOWS\SYSTEM32\dbgcore.DLL
0x00007ff801960000 - 0x00007ff8019da000 	C:\WINDOWS\System32\bcryptPrimitives.dll
0x00007ffffc8d0000 - 0x00007ffffc8df000 	C:\Users\User\.jdks\openjdk-21.0.1\bin\instrument.dll
0x00007fffd15e0000 - 0x00007fffd15ff000 	C:\Users\User\.jdks\openjdk-21.0.1\bin\java.dll
0x00007ff803510000 - 0x00007ff803d69000 	C:\WINDOWS\System32\SHELL32.dll
0x00007fffff040000 - 0x00007fffff934000 	C:\WINDOWS\SYSTEM32\windows.storage.dll
0x00007ffffef00000 - 0x00007fffff03e000 	C:\WINDOWS\SYSTEM32\wintypes.dll
0x00007ff8032c0000 - 0x00007ff8033b3000 	C:\WINDOWS\System32\SHCORE.dll
0x00007ff8029a0000 - 0x00007ff8029fe000 	C:\WINDOWS\System32\shlwapi.dll
0x00007ff801050000 - 0x00007ff801076000 	C:\WINDOWS\SYSTEM32\profapi.dll
0x00007fffd0c20000 - 0x00007fffd0cf7000 	C:\Users\User\.jdks\openjdk-21.0.1\bin\jsvml.dll
0x00007fffd0bd0000 - 0x00007fffd0be8000 	C:\Users\User\.jdks\openjdk-21.0.1\bin\zip.dll
0x00007fffd0c10000 - 0x00007fffd0c20000 	C:\Users\User\.jdks\openjdk-21.0.1\bin\net.dll
0x00007ffffaf60000 - 0x00007ffffb097000 	C:\WINDOWS\SYSTEM32\WINHTTP.dll
0x00007ff800690000 - 0x00007ff8006f9000 	C:\WINDOWS\system32\mswsock.dll
0x00007fffd0bf0000 - 0x00007fffd0c06000 	C:\Users\User\.jdks\openjdk-21.0.1\bin\nio.dll
0x00007ffff4980000 - 0x00007ffff499a000 	D:\IntelliJ IDEA 2023.1.4\bin\breakgen64.dll
0x00007fffd0bc0000 - 0x00007fffd0bc7000 	C:\Users\User\.jdks\openjdk-21.0.1\bin\extnet.dll
0x00007fffd0b90000 - 0x00007fffd0ba0000 	C:\Users\User\.jdks\openjdk-21.0.1\bin\verify.dll
0x00007ffff5840000 - 0x00007ffff584e000 	C:\Users\User\.jdks\openjdk-21.0.1\bin\sunmscapi.dll
0x00007ff8013a0000 - 0x00007ff801506000 	C:\WINDOWS\System32\CRYPT32.dll
0x00007ff800aa0000 - 0x00007ff800acd000 	C:\WINDOWS\SYSTEM32\ncrypt.dll
0x00007ff800a60000 - 0x00007ff800a97000 	C:\WINDOWS\SYSTEM32\NTASN1.dll
0x00007ff8008e0000 - 0x00007ff8008fb000 	C:\WINDOWS\SYSTEM32\CRYPTSP.dll
0x00007ff800170000 - 0x00007ff8001a5000 	C:\WINDOWS\system32\rsaenh.dll
0x00007ff800780000 - 0x00007ff8007ac000 	C:\WINDOWS\SYSTEM32\USERENV.dll
0x00007ff800ad0000 - 0x00007ff800af8000 	C:\WINDOWS\SYSTEM32\bcrypt.dll
0x00007ff800900000 - 0x00007ff80090c000 	C:\WINDOWS\SYSTEM32\CRYPTBASE.dll
0x00007fffffc10000 - 0x00007fffffc3d000 	C:\WINDOWS\SYSTEM32\IPHLPAPI.DLL
0x00007ff802890000 - 0x00007ff802899000 	C:\WINDOWS\System32\NSI.dll
0x00007fffffc40000 - 0x00007fffffd39000 	C:\WINDOWS\SYSTEM32\DNSAPI.dll
0x00007ffff8d30000 - 0x00007ffff8d3a000 	C:\Windows\System32\rasadhlp.dll
0x00007ffff9110000 - 0x00007ffff9193000 	C:\WINDOWS\System32\fwpuclnt.dll

dbghelp: loaded successfully - version: 4.0.5 - missing functions: none
symbol engine: initialized successfully - sym options: 0x614 - pdb path: .;C:\Users\User\.jdks\openjdk-21.0.1\bin;C:\WINDOWS\SYSTEM32;C:\WINDOWS\WinSxS\amd64_microsoft.windows.common-controls_6595b64144ccf1df_6.0.22621.2506_none_270c5ae97388e100;C:\Users\User\.jdks\openjdk-21.0.1\bin\server;D:\IntelliJ IDEA 2023.1.4\bin

VM Arguments:
jvm_args: -javaagent:D:\IntelliJ IDEA 2023.1.4\lib\idea_rt.jar=50661:D:\IntelliJ IDEA 2023.1.4\bin -Dfile.encoding=UTF-8 -Dsun.stdout.encoding=UTF-8 -Dsun.stderr.encoding=UTF-8 
java_command: uz.pdp.run.Run
java_class_path (initial): C:\Users\User\Desktop\Java\java development\java basic\bot\target\classes;C:\Users\User\.m2\repository\org\slf4j\slf4j-api\2.0.9\slf4j-api-2.0.9.jar;C:\Users\User\.m2\repository\javax\mail\javax.mail-api\1.6.2\javax.mail-api-1.6.2.jar;C:\Users\User\.m2\repository\com\mysql\mysql-connector-j\8.0.33\mysql-connector-j-8.0.33.jar;C:\Users\User\.m2\repository\com\google\protobuf\protobuf-java\3.21.9\protobuf-java-3.21.9.jar;C:\Users\User\.m2\repository\com\sun\mail\javax.mail\1.6.2\javax.mail-1.6.2.jar;C:\Users\User\.m2\repository\javax\activation\activation\1.1\activation-1.1.jar;C:\Users\User\.m2\repository\com\google\code\gson\gson\2.10.1\gson-2.10.1.jar;C:\Users\User\.m2\repository\org\telegram\telegrambots\6.8.0\telegrambots-6.8.0.jar;C:\Users\User\.m2\repository\org\telegram\telegrambots-meta\6.8.0\telegrambots-meta-6.8.0.jar;C:\Users\User\.m2\repository\org\apache\commons\commons-lang3\3.12.0\commons-lang3-3.12.0.jar;C:\Users\User\.m2\repository\com\fasterxml\jackson\datatype\jackson-datatype-jsr310\2.14.2\jackson-datatype-jsr310-2.14.2.jar;C:\Users\User\.m2\repository\com\fasterxml\jackson\core\jackson-annotations\2.14.2\jackson-annotations-2.14.2.jar;C:\Users\User\.m2\repository\com\fasterxml\jackson\jaxrs\jackson-jaxrs-json-provider\2.14.2\jackson-jaxrs-json-provider-2.14.2.jar;C:\Users\User\.m2\repository\com\fasterxml\jackson\jaxrs\jackson-jaxrs-base\2.14.2\jackson-jaxrs-base-2.14.2.jar;C:\Users\User\.m2\repository\com\fasterxml\jackson\module\jackson-module-jaxb-annotations\2.14.2\jackson-module-jaxb-annotations-2.14.2.jar;C:\Users\User\.m2\repository\com\fasterxml\jackson\core\jackson-core\2.14.2\jackson-core-2.14.2.jar;C:\Users\User\.m2\repository\jakarta\xml\bind\jakarta.xml.bind-api\2.3.3\jakarta.xml.bind-api-2.3.3.jar;C:\Users\User\.m2\repository\com\fasterxml\jackson\core\jackson-databind\2.14.2\jackson-databind-2.14.2.jar;C:\Users\User\.m2\repository\org\glassfish\jersey\inject\jersey-hk2\2.35\jersey-hk2-2.35.jar;C:\Users\User\.m2\repository\org\glassfish\jersey\core\jersey-common\2.35\jersey-common-2.35.jar;C:\Users\User\.m2\repository\org\glassfish\hk2\osgi-resource-locator\1.0.3\osgi-resource-locator-1.0.3.jar;C:\Users\User\.m2\repository\org\glassfish\hk2\hk2-locator\2.6.1\hk2-locator-2.6.1.jar;C:\Users\User\.m2\repository\org\glassfish\hk2\external\aopalliance-repackaged\2.6.1\aopalliance-repackaged-2.6.1.jar;C:\Users\User\.m2\repository\org\glassfish\hk2\hk2-api\2.6.1\hk2-api-2.6.1.jar;C:\Users\User\.m2\repository\org\glassfish\hk2\hk2-utils\2.6.1\hk2-utils-2.6.1.jar;C:\Users\User\.m2\repository\org\javassist\javassist\3.25.0-GA\javassist-3.25.0-GA.jar;C:\Users\User\.m2\repository\org\glassfish\jersey\media\jersey-media-json-jackson\2.35\jersey-media-json-jackson-2.35.jar;C:\Users\User\.m2\repository\org\glassfish\jersey\ext\jersey-entity-filtering\2.35\jersey-entity-filtering-2.35.jar;C:\Users\User\.m2\repository\org\glassfish\jersey\containers\jersey-container-grizzly2-http\2.35\jersey-container-grizzly2-http-2.35.jar;C:\Users\User\.m2\repository\org\glassfish\hk2\external\jakarta.inject\2.6.1\jakarta.inject-2.6.1.jar;C:\Users\User\.m2\repository\org\glassfish\grizzly\grizzly-http-server\2.4.4\grizzly-http-server-2.4.4.jar;C:\Users\User\.m2\repository\org\glassfish\grizzly\grizzly-http\2.4.4\grizzly-http-2.4.4.jar;C:\Users\User\.m2\repository\org\glassfish\grizzly\grizzly-framework\2.4.4\grizzly-framework-2.4.4.jar;C:\Users\User\.m2\repository\jakarta\ws\rs\jakarta.ws.rs-api\2.1.6\jakarta.ws.rs-api-2.1.6.jar;C:\Users\User\.m2\repository\org\glassfish\jersey\core\jersey-server\2.35\jersey-server-2.35.jar;C:\Users\User\.m2\repository\org\glassfish\jersey\core\jersey-client\2.35\jersey-client-2.35.jar;C:\Users\User\.m2\repository\jakarta\annotation\jakarta.annotation-api\1.3.5\jakarta.annotation-api-1.3.5.jar;C:\Users\User\.m2\repository\jakarta\validation\jakarta.validation-api\2.0.2\jakarta.validation-api-2.0.2.jar;C:\Users\User\.m2\repository\org\apache\httpcomponents\httpclient\4.5.13\httpclient-4.5.13.jar;C:\Users\User\.m2\repository\org\apache\httpcomponents\httpcore\4.4.13\httpcore-4.4.13.jar;C:\Users\User\.m2\repository\commons-logging\commons-logging\1.2\commons-logging-1.2.jar;C:\Users\User\.m2\repository\commons-codec\commons-codec\1.11\commons-codec-1.11.jar;C:\Users\User\.m2\repository\org\apache\httpcomponents\httpmime\4.5.13\httpmime-4.5.13.jar;C:\Users\User\.m2\repository\cn\nikeo\jsonBuilder\jsonBuilder\0.2.0\jsonBuilder-0.2.0.jar;C:\Users\User\.m2\repository\org\jetbrains\kotlin\kotlin-stdlib-jdk8\1.4.10\kotlin-stdlib-jdk8-1.4.10.jar;C:\Users\User\.m2\repository\org\jetbrains\kotlin\kotlin-stdlib\1.4.10\kotlin-stdlib-1.4.10.jar;C:\Users\User\.m2\repository\org\jetbrains\kotlin\kotlin-stdlib-common\1.4.10\kotlin-stdlib-common-1.4.10.jar;C:\Users\User\.m2\repository\org\jetbrains\annotations\13.0\annotations-13.0.jar;C:\Users\User\.m2\repository\org\jetbrains\kotlin\kotlin-stdlib-jdk7\1.4.10\kotlin-stdlib-jdk7-1.4.10.jar;C:\Users\User\.m2\repository\org\json\json\20200518\json-20200518.jar;C:\Users\User\.m2\repository\com\github\holgerbrandl\jsonbuilder\0.10\jsonbuilder-0.10.jar;C:\Users\User\.m2\repository\commons-io\commons-io\2.11.0\commons-io-2.11.0.jar
Launcher Type: SUN_STANDARD

[Global flags]
     intx CICompilerCount                          = 12                                        {product} {ergonomic}
     uint ConcGCThreads                            = 3                                         {product} {ergonomic}
     uint G1ConcRefinementThreads                  = 13                                        {product} {ergonomic}
   size_t G1HeapRegionSize                         = 2097152                                   {product} {ergonomic}
    uintx GCDrainStackTargetSize                   = 64                                        {product} {ergonomic}
   size_t InitialHeapSize                          = 260046848                                 {product} {ergonomic}
   size_t MarkStackSize                            = 4194304                                   {product} {ergonomic}
   size_t MaxHeapSize                              = 4135583744                                {product} {ergonomic}
   size_t MaxNewSize                               = 2480930816                                {product} {ergonomic}
   size_t MinHeapDeltaBytes                        = 2097152                                   {product} {ergonomic}
   size_t MinHeapSize                              = 8388608                                   {product} {ergonomic}
    uintx NonNMethodCodeHeapSize                   = 7602480                                {pd product} {ergonomic}
    uintx NonProfiledCodeHeapSize                  = 122027880                              {pd product} {ergonomic}
    uintx ProfiledCodeHeapSize                     = 122027880                              {pd product} {ergonomic}
    uintx ReservedCodeCacheSize                    = 251658240                              {pd product} {ergonomic}
     bool SegmentedCodeCache                       = true                                      {product} {ergonomic}
   size_t SoftMaxHeapSize                          = 4135583744                             {manageable} {ergonomic}
     bool UseCompressedOops                        = true                           {product lp64_product} {ergonomic}
     bool UseG1GC                                  = true                                      {product} {ergonomic}
     bool UseLargePagesIndividualAllocation        = false                                  {pd product} {ergonomic}

Logging:
Log output configuration:
 #0: stdout all=warning uptime,level,tags foldmultilines=false
 #1: stderr all=off uptime,level,tags foldmultilines=false

Environment Variables:
PATH=C:\Program Files\Common Files\Oracle\Java\javapath;C:\Windows\system32;C:\Windows;C:\Windows\System32\Wbem;C:\Windows\System32\WindowsPowerShell\v1.0\;C:\Windows\System32\OpenSSH\;C:\Program Files (x86)\NVIDIA Corporation\PhysX\Common;C:\WINDOWS\system32;C:\WINDOWS;C:\WINDOWS\System32\Wbem;C:\WINDOWS\System32\WindowsPowerShell\v1.0\;C:\WINDOWS\System32\OpenSSH\;D:\g\Git\cmd;C:\Program Files\Git\cmd;C:\Users\User\AppData\Local\Microsoft\WindowsApps;;D:\Microsoft VS Code\bin
USERNAME=User
OS=Windows_NT
PROCESSOR_IDENTIFIER=AMD64 Family 25 Model 80 Stepping 0, AuthenticAMD
TMP=C:\Users\User\AppData\Local\Temp
TEMP=C:\Users\User\AppData\Local\Temp




Periodic native trim disabled

---------------  S Y S T E M  ---------------

OS:
 Windows 11 , 64 bit Build 22621 (10.0.22621.2506)
OS uptime: 0 days 0:30 hours

CPU: total 16 (initial active 16) (16 cores per cpu, 2 threads per core) family 25 model 80 stepping 0 microcode 0x0, cx8, cmov, fxsr, ht, mmx, 3dnowpref, sse, sse2, sse3, ssse3, sse4a, sse4.1, sse4.2, popcnt, lzcnt, tsc, tscinvbit, avx, avx2, aes, erms, clmul, bmi1, bmi2, adx, sha, fma, vzeroupper, clflush, clflushopt, rdtscp, rdpid, fsrm, f16c, pku, cet_ss
Processor Information for all 16 processors :
  Max Mhz: 3201, Current Mhz: 3201, Mhz Limit: 3201

Memory: 4k page, system-wide physical 15775M (411M free)
TotalPageFile size 27148M (AvailPageFile size 0M)
current process WorkingSet (physical memory assigned to process): 98M, peak: 109M
current process commit charge ("private bytes"): 372M, peak: 384M

vm_info: OpenJDK 64-Bit Server VM (21.0.1+12-29) for windows-amd64 JRE (21.0.1+12-29), built on 2023-10-05T13:27:09Z by "mach5one" with MS VC++ 17.1 (VS2022)

END.
